2026-02-25 09:08:46,531 INFO: FitLog iniciado [in C:\Priorize\app\fit_log\app.py:27]
2026-02-25 10:30:17,801 INFO: FitLog iniciado [in C:\Priorize\app\fit_log\app.py:27]
2026-02-25 10:30:17,973 WARNING: Erro ao criar tabelas: 'utf-8' codec can't decode byte 0xe7 in position 78: invalid continuation byte [in C:\Priorize\app\fit_log\app.py:70]
2026-02-25 10:43:31,735 INFO: FitLog iniciado [in C:\Priorize\app\fit_log\app.py:27]
2026-02-25 10:43:31,909 INFO: Tabelas verificadas/criadas [in C:\Priorize\app\fit_log\app.py:68]
2026-02-25 10:45:16,970 INFO: FitLog iniciado [in C:\Priorize\app\fit_log\app.py:27]
2026-02-25 10:45:17,088 INFO: Tabelas verificadas/criadas [in C:\Priorize\app\fit_log\app.py:68]
2026-02-25 10:47:39,942 INFO: FitLog iniciado [in C:\Priorize\app\fit_log\app.py:27]
2026-02-25 10:47:40,051 INFO: Tabelas verificadas/criadas [in C:\Priorize\app\fit_log\app.py:68]
2026-02-25 10:48:09,311 INFO: FitLog iniciado [in C:\Priorize\app\fit_log\app.py:27]
2026-02-25 10:48:09,421 INFO: Tabelas verificadas/criadas [in C:\Priorize\app\fit_log\app.py:68]
2026-02-25 10:48:09,702 INFO: Blueprint main registrado em / [in C:\Priorize\app\fit_log\routes\__init__.py:29]
2026-02-25 10:48:09,707 INFO: Blueprint auth registrado em /auth [in C:\Priorize\app\fit_log\routes\__init__.py:29]
2026-02-25 10:48:09,714 INFO: Blueprint admin registrado em /admin [in C:\Priorize\app\fit_log\routes\__init__.py:29]
2026-02-25 10:48:09,716 INFO: Blueprint register registrado em /registrar [in C:\Priorize\app\fit_log\routes\__init__.py:29]
2026-02-25 10:48:09,718 INFO: Blueprint stats registrado em /estatisticas [in C:\Priorize\app\fit_log\routes\__init__.py:29]
2026-02-25 10:48:09,722 INFO: Blueprint version registrado em /version [in C:\Priorize\app\fit_log\routes\__init__.py:29]
2026-02-25 10:48:09,731 INFO: Blueprint api registrado em /api [in C:\Priorize\app\fit_log\routes\__init__.py:29]
2026-02-25 10:48:10,997 INFO: FitLog iniciado [in C:\Priorize\app\fit_log\app.py:27]
2026-02-25 10:48:11,113 INFO: Tabelas verificadas/criadas [in C:\Priorize\app\fit_log\app.py:68]
2026-02-25 10:48:11,199 INFO: Blueprint main registrado em / [in C:\Priorize\app\fit_log\routes\__init__.py:29]
2026-02-25 10:48:11,203 INFO: Blueprint auth registrado em /auth [in C:\Priorize\app\fit_log\routes\__init__.py:29]
2026-02-25 10:48:11,209 INFO: Blueprint admin registrado em /admin [in C:\Priorize\app\fit_log\routes\__init__.py:29]
2026-02-25 10:48:11,210 INFO: Blueprint register registrado em /registrar [in C:\Priorize\app\fit_log\routes\__init__.py:29]
2026-02-25 10:48:11,212 INFO: Blueprint stats registrado em /estatisticas [in C:\Priorize\app\fit_log\routes\__init__.py:29]
2026-02-25 10:48:11,219 INFO: Blueprint version registrado em /version [in C:\Priorize\app\fit_log\routes\__init__.py:29]
2026-02-25 10:48:11,224 INFO: Blueprint api registrado em /api [in C:\Priorize\app\fit_log\routes\__init__.py:29]
2026-02-25 11:01:11,955 INFO: FitLog iniciado [in C:\Priorize\app\fit_log\app.py:27]
2026-02-25 11:01:12,084 INFO: Tabelas verificadas/criadas [in C:\Priorize\app\fit_log\app.py:68]
2026-02-25 11:01:12,272 INFO: Blueprint main registrado em / [in C:\Priorize\app\fit_log\routes\__init__.py:29]
2026-02-25 11:01:12,278 INFO: Blueprint auth registrado em /auth [in C:\Priorize\app\fit_log\routes\__init__.py:29]
2026-02-25 11:01:12,295 INFO: Blueprint admin registrado em /admin [in C:\Priorize\app\fit_log\routes\__init__.py:29]
2026-02-25 11:01:12,296 INFO: Blueprint register registrado em /registrar [in C:\Priorize\app\fit_log\routes\__init__.py:29]
2026-02-25 11:01:12,299 INFO: Blueprint stats registrado em /estatisticas [in C:\Priorize\app\fit_log\routes\__init__.py:29]
2026-02-25 11:01:12,315 INFO: Blueprint version registrado em /version [in C:\Priorize\app\fit_log\routes\__init__.py:29]
2026-02-25 11:01:12,325 INFO: Blueprint api registrado em /api [in C:\Priorize\app\fit_log\routes\__init__.py:29]
2026-02-25 11:01:33,502 INFO: FitLog iniciado [in C:\Priorize\app\fit_log\app.py:27]
2026-02-25 11:01:33,642 INFO: Tabelas verificadas/criadas [in C:\Priorize\app\fit_log\app.py:68]
2026-02-25 11:01:33,761 INFO: Blueprint main registrado em / [in C:\Priorize\app\fit_log\routes\__init__.py:29]
2026-02-25 11:01:33,766 INFO: Blueprint auth registrado em /auth [in C:\Priorize\app\fit_log\routes\__init__.py:29]
2026-02-25 11:01:33,781 INFO: Blueprint admin registrado em /admin [in C:\Priorize\app\fit_log\routes\__init__.py:29]
2026-02-25 11:01:33,782 INFO: Blueprint register registrado em /registrar [in C:\Priorize\app\fit_log\routes\__init__.py:29]
2026-02-25 11:01:33,784 INFO: Blueprint stats registrado em /estatisticas [in C:\Priorize\app\fit_log\routes\__init__.py:29]
2026-02-25 11:01:33,792 INFO: Blueprint version registrado em /version [in C:\Priorize\app\fit_log\routes\__init__.py:29]
2026-02-25 11:01:33,797 INFO: Blueprint api registrado em /api [in C:\Priorize\app\fit_log\routes\__init__.py:29]
2026-02-25 11:02:22,373 INFO: FitLog iniciado [in C:\Priorize\app\fit_log\app.py:27]
2026-02-25 11:02:22,514 INFO: Tabelas verificadas/criadas [in C:\Priorize\app\fit_log\app.py:68]
2026-02-25 11:02:22,793 INFO: Blueprint main registrado em / [in C:\Priorize\app\fit_log\routes\__init__.py:29]
2026-02-25 11:02:22,812 INFO: Blueprint auth registrado em /auth [in C:\Priorize\app\fit_log\routes\__init__.py:29]
2026-02-25 11:02:22,829 INFO: Blueprint admin registrado em /admin [in C:\Priorize\app\fit_log\routes\__init__.py:29]
2026-02-25 11:02:22,841 INFO: Blueprint register registrado em /registrar [in C:\Priorize\app\fit_log\routes\__init__.py:29]
2026-02-25 11:02:22,857 INFO: Blueprint stats registrado em /estatisticas [in C:\Priorize\app\fit_log\routes\__init__.py:29]
2026-02-25 11:02:22,893 INFO: Blueprint version registrado em /version [in C:\Priorize\app\fit_log\routes\__init__.py:29]
2026-02-25 11:02:22,909 INFO: Blueprint api registrado em /api [in C:\Priorize\app\fit_log\routes\__init__.py:29]
2026-02-25 11:02:32,687 INFO: FitLog iniciado [in C:\Priorize\app\fit_log\app.py:27]
2026-02-25 11:02:32,837 INFO: Tabelas verificadas/criadas [in C:\Priorize\app\fit_log\app.py:68]
2026-02-25 11:02:32,998 INFO: Blueprint main registrado em / [in C:\Priorize\app\fit_log\routes\__init__.py:29]
2026-02-25 11:02:33,002 INFO: Blueprint auth registrado em /auth [in C:\Priorize\app\fit_log\routes\__init__.py:29]
2026-02-25 11:02:33,009 INFO: Blueprint admin registrado em /admin [in C:\Priorize\app\fit_log\routes\__init__.py:29]
2026-02-25 11:02:33,010 INFO: Blueprint register registrado em /registrar [in C:\Priorize\app\fit_log\routes\__init__.py:29]
2026-02-25 11:02:33,012 INFO: Blueprint stats registrado em /estatisticas [in C:\Priorize\app\fit_log\routes\__init__.py:29]
2026-02-25 11:02:33,024 INFO: Blueprint version registrado em /version [in C:\Priorize\app\fit_log\routes\__init__.py:29]
2026-02-25 11:02:33,030 INFO: Blueprint api registrado em /api [in C:\Priorize\app\fit_log\routes\__init__.py:29]
2026-02-25 11:02:55,325 INFO: FitLog iniciado [in C:\Priorize\app\fit_log\app.py:27]
2026-02-25 11:02:55,452 INFO: Tabelas verificadas/criadas [in C:\Priorize\app\fit_log\app.py:68]
2026-02-25 11:02:55,592 INFO: Blueprint main registrado em / [in C:\Priorize\app\fit_log\routes\__init__.py:29]
2026-02-25 11:02:55,606 INFO: Blueprint auth registrado em /auth [in C:\Priorize\app\fit_log\routes\__init__.py:29]
2026-02-25 11:02:55,623 INFO: Blueprint admin registrado em /admin [in C:\Priorize\app\fit_log\routes\__init__.py:29]
2026-02-25 11:02:55,624 INFO: Blueprint register registrado em /registrar [in C:\Priorize\app\fit_log\routes\__init__.py:29]
2026-02-25 11:02:55,626 INFO: Blueprint stats registrado em /estatisticas [in C:\Priorize\app\fit_log\routes\__init__.py:29]
2026-02-25 11:02:55,636 INFO: Blueprint version registrado em /version [in C:\Priorize\app\fit_log\routes\__init__.py:29]
2026-02-25 11:02:55,641 INFO: Blueprint api registrado em /api [in C:\Priorize\app\fit_log\routes\__init__.py:29]
2026-02-25 11:03:56,066 INFO: FitLog iniciado [in C:\Priorize\app\fit_log\app.py:27]
2026-02-25 11:03:56,772 INFO: Tabelas verificadas/criadas [in C:\Priorize\app\fit_log\app.py:68]
2026-02-25 11:03:57,039 INFO: Blueprint main registrado em / [in C:\Priorize\app\fit_log\routes\__init__.py:29]
2026-02-25 11:03:57,050 INFO: Blueprint auth registrado em /auth [in C:\Priorize\app\fit_log\routes\__init__.py:29]
2026-02-25 11:03:57,058 INFO: Blueprint admin registrado em /admin [in C:\Priorize\app\fit_log\routes\__init__.py:29]
2026-02-25 11:03:57,062 INFO: Blueprint register registrado em /registrar [in C:\Priorize\app\fit_log\routes\__init__.py:29]
2026-02-25 11:03:57,067 INFO: Blueprint stats registrado em /estatisticas [in C:\Priorize\app\fit_log\routes\__init__.py:29]
2026-02-25 11:03:57,072 INFO: Blueprint version registrado em /version [in C:\Priorize\app\fit_log\routes\__init__.py:29]
2026-02-25 11:03:57,088 INFO: Blueprint api registrado em /api [in C:\Priorize\app\fit_log\routes\__init__.py:29]
2026-02-25 11:21:59,438 INFO: FitLog iniciado [in C:\Priorize\app\fit_log\app.py:27]
2026-02-25 11:21:59,564 INFO: Tabelas verificadas/criadas [in C:\Priorize\app\fit_log\app.py:68]
2026-02-25 11:21:59,691 INFO: Blueprint main registrado em / [in C:\Priorize\app\fit_log\routes\__init__.py:29]
2026-02-25 11:21:59,704 INFO: Blueprint auth registrado em /auth [in C:\Priorize\app\fit_log\routes\__init__.py:29]
2026-02-25 11:21:59,711 INFO: Blueprint admin registrado em /admin [in C:\Priorize\app\fit_log\routes\__init__.py:29]
2026-02-25 11:21:59,717 INFO: Blueprint register registrado em /registrar [in C:\Priorize\app\fit_log\routes\__init__.py:29]
2026-02-25 11:21:59,719 INFO: Blueprint stats registrado em /estatisticas [in C:\Priorize\app\fit_log\routes\__init__.py:29]
2026-02-25 11:21:59,723 INFO: Blueprint version registrado em /version [in C:\Priorize\app\fit_log\routes\__init__.py:29]
2026-02-25 11:21:59,739 INFO: Blueprint api registrado em /api [in C:\Priorize\app\fit_log\routes\__init__.py:29]
2026-02-25 11:24:54,858 INFO: FitLog iniciado [in C:\Priorize\app\fit_log\app.py:27]
2026-02-25 11:24:54,963 INFO: Tabelas verificadas/criadas [in C:\Priorize\app\fit_log\app.py:68]
2026-02-25 11:24:55,050 INFO: Blueprint main registrado em / [in C:\Priorize\app\fit_log\routes\__init__.py:29]
2026-02-25 11:24:55,054 INFO: Blueprint auth registrado em /auth [in C:\Priorize\app\fit_log\routes\__init__.py:29]
2026-02-25 11:24:55,059 INFO: Blueprint admin registrado em /admin [in C:\Priorize\app\fit_log\routes\__init__.py:29]
2026-02-25 11:24:55,062 INFO: Blueprint register registrado em /registrar [in C:\Priorize\app\fit_log\routes\__init__.py:29]
2026-02-25 11:24:55,064 INFO: Blueprint stats registrado em /estatisticas [in C:\Priorize\app\fit_log\routes\__init__.py:29]
2026-02-25 11:24:55,070 INFO: Blueprint version registrado em /version [in C:\Priorize\app\fit_log\routes\__init__.py:29]
2026-02-25 11:24:55,075 INFO: Blueprint api registrado em /api [in C:\Priorize\app\fit_log\routes\__init__.py:29]
2026-02-25 11:24:56,373 INFO: FitLog iniciado [in C:\Priorize\app\fit_log\app.py:27]
2026-02-25 11:24:56,526 INFO: Tabelas verificadas/criadas [in C:\Priorize\app\fit_log\app.py:68]
2026-02-25 11:24:56,657 INFO: Blueprint main registrado em / [in C:\Priorize\app\fit_log\routes\__init__.py:29]
2026-02-25 11:24:56,662 INFO: Blueprint auth registrado em /auth [in C:\Priorize\app\fit_log\routes\__init__.py:29]
2026-02-25 11:24:56,675 INFO: Blueprint admin registrado em /admin [in C:\Priorize\app\fit_log\routes\__init__.py:29]
2026-02-25 11:24:56,679 INFO: Blueprint register registrado em /registrar [in C:\Priorize\app\fit_log\routes\__init__.py:29]
2026-02-25 11:24:56,689 INFO: Blueprint stats registrado em /estatisticas [in C:\Priorize\app\fit_log\routes\__init__.py:29]
2026-02-25 11:24:56,711 INFO: Blueprint version registrado em /version [in C:\Priorize\app\fit_log\routes\__init__.py:29]
2026-02-25 11:24:56,742 INFO: Blueprint api registrado em /api [in C:\Priorize\app\fit_log\routes\__init__.py:29]
2026-02-25 13:15:01,779 INFO: FitLog iniciado [in C:\Priorize\app\fit_log\app.py:27]
2026-02-25 13:15:01,895 INFO: Tabelas verificadas/criadas [in C:\Priorize\app\fit_log\app.py:68]
2026-02-25 13:15:02,029 INFO: Blueprint main registrado em / [in C:\Priorize\app\fit_log\routes\__init__.py:29]
2026-02-25 13:15:02,029 INFO: Blueprint auth registrado em /auth [in C:\Priorize\app\fit_log\routes\__init__.py:29]
2026-02-25 13:15:02,029 INFO: Blueprint admin registrado em /admin [in C:\Priorize\app\fit_log\routes\__init__.py:29]
2026-02-25 13:15:02,029 INFO: Blueprint register registrado em /registrar [in C:\Priorize\app\fit_log\routes\__init__.py:29]
2026-02-25 13:15:02,048 INFO: Blueprint stats registrado em /estatisticas [in C:\Priorize\app\fit_log\routes\__init__.py:29]
2026-02-25 13:15:02,055 INFO: Blueprint version registrado em /version [in C:\Priorize\app\fit_log\routes\__init__.py:29]
2026-02-25 13:15:02,059 INFO: Blueprint api registrado em /api [in C:\Priorize\app\fit_log\routes\__init__.py:29]
2026-02-25 13:22:35,249 INFO: FitLog iniciado [in C:\Priorize\app\fit_log\app.py:27]
2026-02-25 13:22:35,361 INFO: Tabelas verificadas/criadas [in C:\Priorize\app\fit_log\app.py:68]
2026-02-25 13:22:35,474 INFO: Blueprint main registrado em / [in C:\Priorize\app\fit_log\routes\__init__.py:29]
2026-02-25 13:22:35,484 INFO: Blueprint auth registrado em /auth [in C:\Priorize\app\fit_log\routes\__init__.py:29]
2026-02-25 13:22:35,491 INFO: Blueprint admin registrado em /admin [in C:\Priorize\app\fit_log\routes\__init__.py:29]
2026-02-25 13:22:35,492 INFO: Blueprint register registrado em /registrar [in C:\Priorize\app\fit_log\routes\__init__.py:29]
2026-02-25 13:22:35,494 INFO: Blueprint stats registrado em /estatisticas [in C:\Priorize\app\fit_log\routes\__init__.py:29]
2026-02-25 13:22:35,500 INFO: Blueprint version registrado em /version [in C:\Priorize\app\fit_log\routes\__init__.py:29]
2026-02-25 13:22:35,506 INFO: Blueprint api registrado em /api [in C:\Priorize\app\fit_log\routes\__init__.py:29]
2026-02-25 13:27:22,925 INFO: FitLog iniciado [in C:\Priorize\app\fit_log\app.py:27]
2026-02-25 13:27:23,036 INFO: Tabelas verificadas/criadas [in C:\Priorize\app\fit_log\app.py:68]
2026-02-25 13:27:23,166 INFO: Blueprint main registrado em / [in C:\Priorize\app\fit_log\routes\__init__.py:29]
2026-02-25 13:27:23,175 INFO: Blueprint auth registrado em /auth [in C:\Priorize\app\fit_log\routes\__init__.py:29]
2026-02-25 13:27:23,185 INFO: Blueprint admin registrado em /admin [in C:\Priorize\app\fit_log\routes\__init__.py:29]
2026-02-25 13:27:23,185 INFO: Blueprint register registrado em /registrar [in C:\Priorize\app\fit_log\routes\__init__.py:29]
2026-02-25 13:27:23,190 INFO: Blueprint stats registrado em /estatisticas [in C:\Priorize\app\fit_log\routes\__init__.py:29]
2026-02-25 13:27:23,200 INFO: Blueprint version registrado em /version [in C:\Priorize\app\fit_log\routes\__init__.py:29]
2026-02-25 13:27:23,215 INFO: Blueprint api registrado em /api [in C:\Priorize\app\fit_log\routes\__init__.py:29]
2026-02-25 13:40:03,003 INFO: FitLog iniciado [in C:\Priorize\app\fit_log\app.py:27]
2026-02-25 13:40:03,147 INFO: Tabelas verificadas/criadas [in C:\Priorize\app\fit_log\app.py:68]
2026-02-25 13:40:03,372 INFO: Blueprint main registrado em / [in C:\Priorize\app\fit_log\routes\__init__.py:29]
2026-02-25 13:40:03,376 INFO: Blueprint auth registrado em /auth [in C:\Priorize\app\fit_log\routes\__init__.py:29]
2026-02-25 13:40:03,393 INFO: Blueprint admin registrado em /admin [in C:\Priorize\app\fit_log\routes\__init__.py:29]
2026-02-25 13:40:03,395 INFO: Blueprint register registrado em /registrar [in C:\Priorize\app\fit_log\routes\__init__.py:29]
2026-02-25 13:40:03,397 INFO: Blueprint stats registrado em /estatisticas [in C:\Priorize\app\fit_log\routes\__init__.py:29]
2026-02-25 13:40:03,425 INFO: Blueprint version registrado em /version [in C:\Priorize\app\fit_log\routes\__init__.py:29]
2026-02-25 13:40:03,439 INFO: Blueprint api registrado em /api [in C:\Priorize\app\fit_log\routes\__init__.py:29]
2026-02-25 13:41:04,633 INFO: FitLog iniciado [in C:\Priorize\app\fit_log\app.py:27]
2026-02-25 13:41:04,761 INFO: Tabelas verificadas/criadas [in C:\Priorize\app\fit_log\app.py:68]
2026-02-25 13:41:04,941 INFO: Blueprint main registrado em / [in C:\Priorize\app\fit_log\routes\__init__.py:29]
2026-02-25 13:41:04,957 INFO: Blueprint auth registrado em /auth [in C:\Priorize\app\fit_log\routes\__init__.py:29]
2026-02-25 13:41:04,970 INFO: Blueprint admin registrado em /admin [in C:\Priorize\app\fit_log\routes\__init__.py:29]
2026-02-25 13:41:04,973 INFO: Blueprint register registrado em /registrar [in C:\Priorize\app\fit_log\routes\__init__.py:29]
2026-02-25 13:41:04,975 INFO: Blueprint stats registrado em /estatisticas [in C:\Priorize\app\fit_log\routes\__init__.py:29]
2026-02-25 13:41:05,015 INFO: Blueprint version registrado em /version [in C:\Priorize\app\fit_log\routes\__init__.py:29]
2026-02-25 13:41:05,023 INFO: Blueprint api registrado em /api [in C:\Priorize\app\fit_log\routes\__init__.py:29]
2026-02-25 13:53:28,168 INFO: FitLog iniciado [in C:\Priorize\app\fit_log\app.py:27]
2026-02-25 13:53:28,326 INFO: Tabelas verificadas/criadas [in C:\Priorize\app\fit_log\app.py:68]
2026-02-25 13:53:28,576 INFO: Blueprint main registrado em / [in C:\Priorize\app\fit_log\routes\__init__.py:29]
2026-02-25 13:53:28,585 INFO: Blueprint auth registrado em /auth [in C:\Priorize\app\fit_log\routes\__init__.py:29]
2026-02-25 13:53:28,604 INFO: Blueprint admin registrado em /admin [in C:\Priorize\app\fit_log\routes\__init__.py:29]
2026-02-25 13:53:28,611 INFO: Blueprint register registrado em /registrar [in C:\Priorize\app\fit_log\routes\__init__.py:29]
2026-02-25 13:53:28,616 INFO: Blueprint stats registrado em /estatisticas [in C:\Priorize\app\fit_log\routes\__init__.py:29]
2026-02-25 13:53:28,641 INFO: Blueprint version registrado em /version [in C:\Priorize\app\fit_log\routes\__init__.py:29]
2026-02-25 13:53:28,661 INFO: Blueprint api registrado em /api [in C:\Priorize\app\fit_log\routes\__init__.py:29]
2026-02-25 14:00:54,228 INFO: FitLog iniciado [in C:\Priorize\app\fit_log\app.py:27]
2026-02-25 14:00:54,438 INFO: Tabelas verificadas/criadas [in C:\Priorize\app\fit_log\app.py:68]
2026-02-25 14:00:54,668 INFO: Blueprint main registrado em / [in C:\Priorize\app\fit_log\routes\__init__.py:29]
2026-02-25 14:00:54,678 INFO: Blueprint auth registrado em /auth [in C:\Priorize\app\fit_log\routes\__init__.py:29]
2026-02-25 14:00:54,692 INFO: Blueprint admin registrado em /admin [in C:\Priorize\app\fit_log\routes\__init__.py:29]
2026-02-25 14:00:54,697 INFO: Blueprint register registrado em /registrar [in C:\Priorize\app\fit_log\routes\__init__.py:29]
2026-02-25 14:00:54,700 INFO: Blueprint stats registrado em /estatisticas [in C:\Priorize\app\fit_log\routes\__init__.py:29]
2026-02-25 14:00:54,733 INFO: Blueprint version registrado em /version [in C:\Priorize\app\fit_log\routes\__init__.py:29]
2026-02-25 14:00:54,747 INFO: Blueprint api registrado em /api [in C:\Priorize\app\fit_log\routes\__init__.py:29]
2026-02-26 08:23:16,934 INFO: FitLog iniciado [in D:\app\fit_log\app.py:27]
2026-02-26 08:23:17,119 INFO: Tabelas verificadas/criadas [in D:\app\fit_log\app.py:68]
2026-02-26 08:23:17,209 INFO: Blueprint main registrado em / [in D:\app\fit_log\routes\__init__.py:29]
2026-02-26 08:23:17,219 INFO: Blueprint auth registrado em /auth [in D:\app\fit_log\routes\__init__.py:29]
2026-02-26 08:23:17,224 INFO: Blueprint admin registrado em /admin [in D:\app\fit_log\routes\__init__.py:29]
2026-02-26 08:23:17,229 INFO: Blueprint register registrado em /registrar [in D:\app\fit_log\routes\__init__.py:29]
2026-02-26 08:23:17,229 INFO: Blueprint stats registrado em /estatisticas [in D:\app\fit_log\routes\__init__.py:29]
2026-02-26 08:23:17,239 INFO: Blueprint version registrado em /version [in D:\app\fit_log\routes\__init__.py:29]
2026-02-26 08:23:17,239 INFO: Blueprint api registrado em /api [in D:\app\fit_log\routes\__init__.py:29]
2026-02-26 08:23:18,601 INFO: FitLog iniciado [in D:\app\fit_log\app.py:27]
2026-02-26 08:23:18,829 INFO: Tabelas verificadas/criadas [in D:\app\fit_log\app.py:68]
2026-02-26 08:23:18,909 INFO: Blueprint main registrado em / [in D:\app\fit_log\routes\__init__.py:29]
2026-02-26 08:23:18,919 INFO: Blueprint auth registrado em /auth [in D:\app\fit_log\routes\__init__.py:29]
2026-02-26 08:23:18,919 INFO: Blueprint admin registrado em /admin [in D:\app\fit_log\routes\__init__.py:29]
2026-02-26 08:23:18,929 INFO: Blueprint register registrado em /registrar [in D:\app\fit_log\routes\__init__.py:29]
2026-02-26 08:23:18,929 INFO: Blueprint stats registrado em /estatisticas [in D:\app\fit_log\routes\__init__.py:29]
2026-02-26 08:23:18,939 INFO: Blueprint version registrado em /version [in D:\app\fit_log\routes\__init__.py:29]
2026-02-26 08:23:18,944 INFO: Blueprint api registrado em /api [in D:\app\fit_log\routes\__init__.py:29]
2026-02-26 09:03:33,718 INFO: FitLog iniciado [in D:\app\fit_log\app.py:27]
2026-02-26 09:03:33,853 INFO: Tabelas verificadas/criadas [in D:\app\fit_log\app.py:68]
2026-02-26 09:03:34,036 INFO: Blueprint main registrado em / [in D:\app\fit_log\routes\__init__.py:29]
2026-02-26 09:03:34,043 INFO: Blueprint auth registrado em /auth [in D:\app\fit_log\routes\__init__.py:29]
2026-02-26 09:03:34,051 INFO: Blueprint admin registrado em /admin [in D:\app\fit_log\routes\__init__.py:29]
2026-02-26 09:03:34,054 INFO: Blueprint register registrado em /registrar [in D:\app\fit_log\routes\__init__.py:29]
2026-02-26 09:03:34,059 INFO: Blueprint stats registrado em /estatisticas [in D:\app\fit_log\routes\__init__.py:29]
2026-02-26 09:03:34,084 INFO: Blueprint version registrado em /version [in D:\app\fit_log\routes\__init__.py:29]
2026-02-26 09:03:34,095 INFO: Blueprint api registrado em /api [in D:\app\fit_log\routes\__init__.py:29]
2026-02-26 09:04:19,914 INFO: FitLog iniciado [in D:\app\fit_log\app.py:27]
2026-02-26 09:04:20,084 INFO: Tabelas verificadas/criadas [in D:\app\fit_log\app.py:68]
2026-02-26 09:04:20,241 INFO: Blueprint main registrado em / [in D:\app\fit_log\routes\__init__.py:29]
2026-02-26 09:04:20,248 INFO: Blueprint auth registrado em /auth [in D:\app\fit_log\routes\__init__.py:29]
2026-02-26 09:04:20,257 INFO: Blueprint admin registrado em /admin [in D:\app\fit_log\routes\__init__.py:29]
2026-02-26 09:04:20,258 INFO: Blueprint register registrado em /registrar [in D:\app\fit_log\routes\__init__.py:29]
2026-02-26 09:04:20,261 INFO: Blueprint stats registrado em /estatisticas [in D:\app\fit_log\routes\__init__.py:29]
2026-02-26 09:04:20,286 INFO: Blueprint version registrado em /version [in D:\app\fit_log\routes\__init__.py:29]
2026-02-26 09:04:20,291 INFO: Blueprint api registrado em /api [in D:\app\fit_log\routes\__init__.py:29]
2026-02-26 09:05:02,295 INFO: FitLog iniciado [in D:\app\fit_log\app.py:27]
2026-02-26 09:05:02,466 INFO: Tabelas verificadas/criadas [in D:\app\fit_log\app.py:68]
2026-02-26 09:05:02,650 INFO: Blueprint main registrado em / [in D:\app\fit_log\routes\__init__.py:29]
2026-02-26 09:05:02,657 INFO: Blueprint auth registrado em /auth [in D:\app\fit_log\routes\__init__.py:29]
2026-02-26 09:05:02,667 INFO: Blueprint admin registrado em /admin [in D:\app\fit_log\routes\__init__.py:29]
2026-02-26 09:05:02,670 INFO: Blueprint register registrado em /registrar [in D:\app\fit_log\routes\__init__.py:29]
2026-02-26 09:05:02,673 INFO: Blueprint stats registrado em /estatisticas [in D:\app\fit_log\routes\__init__.py:29]
2026-02-26 09:05:02,700 INFO: Blueprint version registrado em /version [in D:\app\fit_log\routes\__init__.py:29]
2026-02-26 09:05:02,710 INFO: Blueprint api registrado em /api [in D:\app\fit_log\routes\__init__.py:29]
2026-02-26 09:08:28,958 INFO: FitLog iniciado [in D:\app\fit_log\app.py:32]
2026-02-26 09:08:29,216 INFO: Tabelas verificadas/criadas [in D:\app\fit_log\app.py:74]
2026-02-26 09:08:29,367 INFO: Blueprint main registrado em / [in D:\app\fit_log\routes\__init__.py:29]
2026-02-26 09:08:29,367 INFO: Blueprint auth registrado em /auth [in D:\app\fit_log\routes\__init__.py:29]
2026-02-26 09:08:29,380 INFO: Blueprint admin registrado em /admin [in D:\app\fit_log\routes\__init__.py:29]
2026-02-26 09:08:29,381 INFO: Blueprint register registrado em /registrar [in D:\app\fit_log\routes\__init__.py:29]
2026-02-26 09:08:29,384 INFO: Blueprint stats registrado em /estatisticas [in D:\app\fit_log\routes\__init__.py:29]
2026-02-26 09:08:29,395 INFO: Blueprint version registrado em /version [in D:\app\fit_log\routes\__init__.py:29]
2026-02-26 09:08:29,399 INFO: Blueprint api registrado em /api [in D:\app\fit_log\routes\__init__.py:29]
2026-02-26 09:08:34,084 INFO: FitLog iniciado [in D:\app\fit_log\app.py:32]
2026-02-26 09:08:34,167 INFO: Tabelas verificadas/criadas [in D:\app\fit_log\app.py:74]
2026-02-26 09:08:34,268 INFO: Blueprint main registrado em / [in D:\app\fit_log\routes\__init__.py:29]
2026-02-26 09:08:34,268 INFO: Blueprint auth registrado em /auth [in D:\app\fit_log\routes\__init__.py:29]
2026-02-26 09:08:34,268 INFO: Blueprint admin registrado em /admin [in D:\app\fit_log\routes\__init__.py:29]
2026-02-26 09:08:34,268 INFO: Blueprint register registrado em /registrar [in D:\app\fit_log\routes\__init__.py:29]
2026-02-26 09:08:34,283 INFO: Blueprint stats registrado em /estatisticas [in D:\app\fit_log\routes\__init__.py:29]
2026-02-26 09:08:34,283 INFO: Blueprint version registrado em /version [in D:\app\fit_log\routes\__init__.py:29]
2026-02-26 09:08:34,299 INFO: Blueprint api registrado em /api [in D:\app\fit_log\routes\__init__.py:29]
2026-02-26 09:14:42,766 INFO: FitLog iniciado [in D:\app\fit_log\app.py:32]
2026-02-26 09:14:42,878 INFO: Tabelas verificadas/criadas [in D:\app\fit_log\app.py:74]
2026-02-26 09:14:42,982 INFO: Blueprint main registrado em / [in D:\app\fit_log\routes\__init__.py:29]
2026-02-26 09:14:42,982 INFO: Blueprint auth registrado em /auth [in D:\app\fit_log\routes\__init__.py:29]
2026-02-26 09:14:42,997 INFO: Blueprint admin registrado em /admin [in D:\app\fit_log\routes\__init__.py:29]
2026-02-26 09:14:42,997 INFO: Blueprint register registrado em /registrar [in D:\app\fit_log\routes\__init__.py:29]
2026-02-26 09:14:42,997 INFO: Blueprint stats registrado em /estatisticas [in D:\app\fit_log\routes\__init__.py:29]
2026-02-26 09:14:43,013 INFO: Blueprint version registrado em /version [in D:\app\fit_log\routes\__init__.py:29]
2026-02-26 09:14:43,019 INFO: Blueprint api registrado em /api [in D:\app\fit_log\routes\__init__.py:29]
2026-02-26 09:15:21,817 INFO: FitLog iniciado [in D:\app\fit_log\app.py:32]
2026-02-26 09:15:21,921 INFO: Tabelas verificadas/criadas [in D:\app\fit_log\app.py:74]
2026-02-26 09:17:49,030 INFO: FitLog iniciado [in D:\app\fit_log\app.py:32]
2026-02-26 09:17:49,137 INFO: Tabelas verificadas/criadas [in D:\app\fit_log\app.py:74]
2026-02-26 09:20:05,563 INFO: FitLog iniciado [in D:\app\fit_log\app.py:32]
2026-02-26 09:20:05,673 INFO: Tabelas verificadas/criadas [in D:\app\fit_log\app.py:74]
2026-02-26 09:20:05,765 INFO: Blueprint main registrado em / [in D:\app\fit_log\routes\__init__.py:29]
2026-02-26 09:20:05,774 INFO: Blueprint auth registrado em /auth [in D:\app\fit_log\routes\__init__.py:29]
2026-02-26 09:20:05,785 INFO: Blueprint admin registrado em /admin [in D:\app\fit_log\routes\__init__.py:29]
2026-02-26 09:20:05,791 INFO: Blueprint register registrado em /registrar [in D:\app\fit_log\routes\__init__.py:29]
2026-02-26 09:20:05,794 INFO: Blueprint stats registrado em /estatisticas [in D:\app\fit_log\routes\__init__.py:29]
2026-02-26 09:20:05,812 INFO: Blueprint version registrado em /version [in D:\app\fit_log\routes\__init__.py:29]
2026-02-26 09:20:05,823 INFO: Blueprint api registrado em /api [in D:\app\fit_log\routes\__init__.py:29]
2026-02-26 09:20:05,829 INFO: FitLog iniciado [in D:\app\fit_log\app.py:32]
2026-02-26 09:20:05,829 INFO: FitLog iniciado [in D:\app\fit_log\app.py:32]
2026-02-26 09:20:06,027 INFO: Tabelas verificadas/criadas [in D:\app\fit_log\app.py:74]
2026-02-26 09:20:06,027 INFO: Tabelas verificadas/criadas [in D:\app\fit_log\app.py:74]
2026-02-26 09:20:06,039 INFO: Blueprint main registrado em / [in D:\app\fit_log\routes\__init__.py:29]
2026-02-26 09:20:06,039 INFO: Blueprint main registrado em / [in D:\app\fit_log\routes\__init__.py:29]
2026-02-26 09:20:06,042 INFO: Blueprint auth registrado em /auth [in D:\app\fit_log\routes\__init__.py:29]
2026-02-26 09:20:06,042 INFO: Blueprint auth registrado em /auth [in D:\app\fit_log\routes\__init__.py:29]
2026-02-26 09:20:06,049 INFO: Blueprint admin registrado em /admin [in D:\app\fit_log\routes\__init__.py:29]
2026-02-26 09:20:06,049 INFO: Blueprint admin registrado em /admin [in D:\app\fit_log\routes\__init__.py:29]
2026-02-26 09:20:06,052 INFO: Blueprint register registrado em /registrar [in D:\app\fit_log\routes\__init__.py:29]
2026-02-26 09:20:06,052 INFO: Blueprint register registrado em /registrar [in D:\app\fit_log\routes\__init__.py:29]
2026-02-26 09:20:06,055 INFO: Blueprint stats registrado em /estatisticas [in D:\app\fit_log\routes\__init__.py:29]
2026-02-26 09:20:06,055 INFO: Blueprint stats registrado em /estatisticas [in D:\app\fit_log\routes\__init__.py:29]
2026-02-26 09:20:06,067 INFO: Blueprint version registrado em /version [in D:\app\fit_log\routes\__init__.py:29]
2026-02-26 09:20:06,067 INFO: Blueprint version registrado em /version [in D:\app\fit_log\routes\__init__.py:29]
2026-02-26 09:20:06,076 INFO: Blueprint api registrado em /api [in D:\app\fit_log\routes\__init__.py:29]
2026-02-26 09:20:06,076 INFO: Blueprint api registrado em /api [in D:\app\fit_log\routes\__init__.py:29]
2026-02-26 09:21:26,518 INFO: FitLog iniciado [in D:\app\fit_log\app.py:32]
2026-02-26 09:21:26,627 INFO: Tabelas verificadas/criadas [in D:\app\fit_log\app.py:74]
2026-02-26 09:21:26,724 INFO: Blueprint main registrado em / [in D:\app\fit_log\routes\__init__.py:29]
2026-02-26 09:21:26,728 INFO: Blueprint auth registrado em /auth [in D:\app\fit_log\routes\__init__.py:29]
2026-02-26 09:21:26,728 INFO: Blueprint admin registrado em /admin [in D:\app\fit_log\routes\__init__.py:29]
2026-02-26 09:21:26,728 INFO: Blueprint register registrado em /registrar [in D:\app\fit_log\routes\__init__.py:29]
2026-02-26 09:21:26,728 INFO: Blueprint stats registrado em /estatisticas [in D:\app\fit_log\routes\__init__.py:29]
2026-02-26 09:21:26,744 INFO: Blueprint version registrado em /version [in D:\app\fit_log\routes\__init__.py:29]
2026-02-26 09:21:26,760 INFO: Blueprint api registrado em /api [in D:\app\fit_log\routes\__init__.py:29]
2026-02-26 09:21:26,807 INFO: FitLog iniciado [in D:\app\fit_log\app.py:32]
2026-02-26 09:21:26,807 INFO: FitLog iniciado [in D:\app\fit_log\app.py:32]
2026-02-26 09:21:26,946 INFO: Tabelas verificadas/criadas [in D:\app\fit_log\app.py:74]
2026-02-26 09:21:26,946 INFO: Tabelas verificadas/criadas [in D:\app\fit_log\app.py:74]
2026-02-26 09:21:26,955 INFO: Blueprint main registrado em / [in D:\app\fit_log\routes\__init__.py:29]
2026-02-26 09:21:26,955 INFO: Blueprint main registrado em / [in D:\app\fit_log\routes\__init__.py:29]
2026-02-26 09:21:26,960 INFO: Blueprint auth registrado em /auth [in D:\app\fit_log\routes\__init__.py:29]
2026-02-26 09:21:26,960 INFO: Blueprint auth registrado em /auth [in D:\app\fit_log\routes\__init__.py:29]
2026-02-26 09:21:26,962 INFO: Blueprint admin registrado em /admin [in D:\app\fit_log\routes\__init__.py:29]
2026-02-26 09:21:26,962 INFO: Blueprint admin registrado em /admin [in D:\app\fit_log\routes\__init__.py:29]
2026-02-26 09:21:26,962 INFO: Blueprint register registrado em /registrar [in D:\app\fit_log\routes\__init__.py:29]
2026-02-26 09:21:26,962 INFO: Blueprint register registrado em /registrar [in D:\app\fit_log\routes\__init__.py:29]
2026-02-26 09:21:26,962 INFO: Blueprint stats registrado em /estatisticas [in D:\app\fit_log\routes\__init__.py:29]
2026-02-26 09:21:26,962 INFO: Blueprint stats registrado em /estatisticas [in D:\app\fit_log\routes\__init__.py:29]
2026-02-26 09:21:26,977 INFO: Blueprint version registrado em /version [in D:\app\fit_log\routes\__init__.py:29]
2026-02-26 09:21:26,977 INFO: Blueprint version registrado em /version [in D:\app\fit_log\routes\__init__.py:29]
2026-02-26 09:21:26,986 INFO: Blueprint api registrado em /api [in D:\app\fit_log\routes\__init__.py:29]
2026-02-26 09:21:26,986 INFO: Blueprint api registrado em /api [in D:\app\fit_log\routes\__init__.py:29]
2026-02-26 09:21:26,986 INFO: FitLog iniciado [in D:\app\fit_log\app.py:32]
2026-02-26 09:21:26,986 INFO: FitLog iniciado [in D:\app\fit_log\app.py:32]
2026-02-26 09:21:26,986 INFO: FitLog iniciado [in D:\app\fit_log\app.py:32]
2026-02-26 09:21:27,083 INFO: Tabelas verificadas/criadas [in D:\app\fit_log\app.py:74]
2026-02-26 09:21:27,083 INFO: Tabelas verificadas/criadas [in D:\app\fit_log\app.py:74]
2026-02-26 09:21:27,083 INFO: Tabelas verificadas/criadas [in D:\app\fit_log\app.py:74]
2026-02-26 09:21:27,092 INFO: Blueprint main registrado em / [in D:\app\fit_log\routes\__init__.py:29]
2026-02-26 09:21:27,092 INFO: Blueprint main registrado em / [in D:\app\fit_log\routes\__init__.py:29]
2026-02-26 09:21:27,092 INFO: Blueprint main registrado em / [in D:\app\fit_log\routes\__init__.py:29]
2026-02-26 09:21:27,096 INFO: Blueprint auth registrado em /auth [in D:\app\fit_log\routes\__init__.py:29]
2026-02-26 09:21:27,096 INFO: Blueprint auth registrado em /auth [in D:\app\fit_log\routes\__init__.py:29]
2026-02-26 09:21:27,096 INFO: Blueprint auth registrado em /auth [in D:\app\fit_log\routes\__init__.py:29]
2026-02-26 09:21:27,096 INFO: Blueprint admin registrado em /admin [in D:\app\fit_log\routes\__init__.py:29]
2026-02-26 09:21:27,096 INFO: Blueprint admin registrado em /admin [in D:\app\fit_log\routes\__init__.py:29]
2026-02-26 09:21:27,096 INFO: Blueprint admin registrado em /admin [in D:\app\fit_log\routes\__init__.py:29]
2026-02-26 09:21:27,096 INFO: Blueprint register registrado em /registrar [in D:\app\fit_log\routes\__init__.py:29]
2026-02-26 09:21:27,096 INFO: Blueprint register registrado em /registrar [in D:\app\fit_log\routes\__init__.py:29]
2026-02-26 09:21:27,096 INFO: Blueprint register registrado em /registrar [in D:\app\fit_log\routes\__init__.py:29]
2026-02-26 09:21:27,096 INFO: Blueprint stats registrado em /estatisticas [in D:\app\fit_log\routes\__init__.py:29]
2026-02-26 09:21:27,096 INFO: Blueprint stats registrado em /estatisticas [in D:\app\fit_log\routes\__init__.py:29]
2026-02-26 09:21:27,096 INFO: Blueprint stats registrado em /estatisticas [in D:\app\fit_log\routes\__init__.py:29]
2026-02-26 09:21:27,111 INFO: Blueprint version registrado em /version [in D:\app\fit_log\routes\__init__.py:29]
2026-02-26 09:21:27,111 INFO: Blueprint version registrado em /version [in D:\app\fit_log\routes\__init__.py:29]
2026-02-26 09:21:27,111 INFO: Blueprint version registrado em /version [in D:\app\fit_log\routes\__init__.py:29]
2026-02-26 09:21:27,135 INFO: Blueprint api registrado em /api [in D:\app\fit_log\routes\__init__.py:29]
2026-02-26 09:21:27,135 INFO: Blueprint api registrado em /api [in D:\app\fit_log\routes\__init__.py:29]
2026-02-26 09:21:27,135 INFO: Blueprint api registrado em /api [in D:\app\fit_log\routes\__init__.py:29]
2026-02-26 09:22:21,717 INFO: FitLog iniciado [in D:\app\fit_log\app.py:32]
2026-02-26 09:22:21,802 INFO: Tabelas verificadas/criadas [in D:\app\fit_log\app.py:74]
2026-02-26 09:22:21,902 INFO: Blueprint main registrado em / [in D:\app\fit_log\routes\__init__.py:29]
2026-02-26 09:22:21,902 INFO: Blueprint auth registrado em /auth [in D:\app\fit_log\routes\__init__.py:29]
2026-02-26 09:22:21,902 INFO: Blueprint admin registrado em /admin [in D:\app\fit_log\routes\__init__.py:29]
2026-02-26 09:22:21,902 INFO: Blueprint register registrado em /registrar [in D:\app\fit_log\routes\__init__.py:29]
2026-02-26 09:22:21,902 INFO: Blueprint stats registrado em /estatisticas [in D:\app\fit_log\routes\__init__.py:29]
2026-02-26 09:22:21,918 INFO: Blueprint version registrado em /version [in D:\app\fit_log\routes\__init__.py:29]
2026-02-26 09:22:21,934 INFO: Blueprint api registrado em /api [in D:\app\fit_log\routes\__init__.py:29]
2026-02-26 09:22:23,090 INFO: FitLog iniciado [in D:\app\fit_log\app.py:32]
2026-02-26 09:22:23,190 INFO: Tabelas verificadas/criadas [in D:\app\fit_log\app.py:74]
2026-02-26 09:22:23,284 INFO: Blueprint main registrado em / [in D:\app\fit_log\routes\__init__.py:29]
2026-02-26 09:22:23,290 INFO: Blueprint auth registrado em /auth [in D:\app\fit_log\routes\__init__.py:29]
2026-02-26 09:22:23,290 INFO: Blueprint admin registrado em /admin [in D:\app\fit_log\routes\__init__.py:29]
2026-02-26 09:22:23,290 INFO: Blueprint register registrado em /registrar [in D:\app\fit_log\routes\__init__.py:29]
2026-02-26 09:22:23,290 INFO: Blueprint stats registrado em /estatisticas [in D:\app\fit_log\routes\__init__.py:29]
2026-02-26 09:22:23,306 INFO: Blueprint version registrado em /version [in D:\app\fit_log\routes\__init__.py:29]
2026-02-26 09:22:23,306 INFO: Blueprint api registrado em /api [in D:\app\fit_log\routes\__init__.py:29]
2026-02-26 10:38:35,329 INFO: FitLog iniciado [in D:\app\fit_log\app.py:32]
2026-02-26 10:38:35,439 INFO: Tabelas verificadas/criadas [in D:\app\fit_log\app.py:74]
2026-02-26 10:38:35,570 INFO: Blueprint main registrado em / [in D:\app\fit_log\routes\__init__.py:29]
2026-02-26 10:38:35,575 INFO: Blueprint auth registrado em /auth [in D:\app\fit_log\routes\__init__.py:29]
2026-02-26 10:38:35,581 INFO: Blueprint admin registrado em /admin [in D:\app\fit_log\routes\__init__.py:29]
2026-02-26 10:38:35,583 INFO: Blueprint register registrado em /registrar [in D:\app\fit_log\routes\__init__.py:29]
2026-02-26 10:38:35,585 INFO: Blueprint stats registrado em /estatisticas [in D:\app\fit_log\routes\__init__.py:29]
2026-02-26 10:38:35,598 INFO: Blueprint version registrado em /version [in D:\app\fit_log\routes\__init__.py:29]
2026-02-26 10:38:35,603 INFO: Blueprint api registrado em /api [in D:\app\fit_log\routes\__init__.py:29]
2026-02-26 11:17:36,364 INFO: FitLog iniciado [in D:\app\fit_log\app.py:32]
2026-02-26 11:17:36,612 INFO: Tabelas verificadas/criadas [in D:\app\fit_log\app.py:74]
2026-02-26 11:17:36,761 INFO: Blueprint main registrado em / [in D:\app\fit_log\routes\__init__.py:29]
2026-02-26 11:17:36,772 INFO: Blueprint auth registrado em /auth [in D:\app\fit_log\routes\__init__.py:29]
2026-02-26 11:17:36,784 INFO: Blueprint admin registrado em /admin [in D:\app\fit_log\routes\__init__.py:29]
2026-02-26 11:17:36,790 INFO: Blueprint register registrado em /registrar [in D:\app\fit_log\routes\__init__.py:29]
2026-02-26 11:17:36,793 INFO: Blueprint stats registrado em /estatisticas [in D:\app\fit_log\routes\__init__.py:29]
2026-02-26 11:17:36,821 INFO: Blueprint version registrado em /version [in D:\app\fit_log\routes\__init__.py:29]
2026-02-26 11:17:36,829 INFO: Blueprint api registrado em /api [in D:\app\fit_log\routes\__init__.py:29]
2026-02-26 11:18:07,392 INFO: FitLog iniciado [in D:\app\fit_log\app.py:32]
2026-02-26 11:18:07,564 INFO: Tabelas verificadas/criadas [in D:\app\fit_log\app.py:74]
2026-02-26 11:18:07,667 INFO: Blueprint main registrado em / [in D:\app\fit_log\routes\__init__.py:29]
2026-02-26 11:18:07,674 INFO: Blueprint auth registrado em /auth [in D:\app\fit_log\routes\__init__.py:29]
2026-02-26 11:18:07,684 INFO: Blueprint admin registrado em /admin [in D:\app\fit_log\routes\__init__.py:29]
2026-02-26 11:18:07,686 INFO: Blueprint register registrado em /registrar [in D:\app\fit_log\routes\__init__.py:29]
2026-02-26 11:18:07,688 INFO: Blueprint stats registrado em /estatisticas [in D:\app\fit_log\routes\__init__.py:29]
2026-02-26 11:18:07,703 INFO: Blueprint version registrado em /version [in D:\app\fit_log\routes\__init__.py:29]
2026-02-26 11:18:07,712 INFO: Blueprint api registrado em /api [in D:\app\fit_log\routes\__init__.py:29]
2026-02-26 11:19:10,192 INFO: FitLog iniciado [in D:\app\fit_log\app.py:32]
2026-02-26 11:19:10,300 INFO: Tabelas verificadas/criadas [in D:\app\fit_log\app.py:74]
2026-02-26 11:20:34,725 INFO: FitLog iniciado [in d:\app\fit_log\app.py:32]
2026-02-26 11:20:34,826 INFO: Tabelas verificadas/criadas [in d:\app\fit_log\app.py:74]
2026-02-26 11:22:05,298 INFO: FitLog iniciado [in d:\app\fit_log\app.py:32]
2026-02-26 11:22:05,422 INFO: Tabelas verificadas/criadas [in d:\app\fit_log\app.py:74]
2026-02-26 11:23:52,353 INFO: FitLog iniciado [in D:\app\fit_log\app.py:32]
2026-02-26 11:23:52,455 INFO: Tabelas verificadas/criadas [in D:\app\fit_log\app.py:74]
2026-02-26 11:24:30,546 INFO: FitLog iniciado [in D:\app\fit_log\app.py:32]
2026-02-26 11:24:30,651 INFO: Tabelas verificadas/criadas [in D:\app\fit_log\app.py:74]
2026-02-26 11:24:30,747 INFO: Blueprint main registrado em / [in D:\app\fit_log\routes\__init__.py:29]
2026-02-26 11:24:30,754 INFO: Blueprint auth registrado em /auth [in D:\app\fit_log\routes\__init__.py:29]
2026-02-26 11:24:30,765 INFO: Blueprint admin registrado em /admin [in D:\app\fit_log\routes\__init__.py:29]
2026-02-26 11:24:30,769 INFO: Blueprint register registrado em /registrar [in D:\app\fit_log\routes\__init__.py:29]
2026-02-26 11:24:30,773 INFO: Blueprint stats registrado em /estatisticas [in D:\app\fit_log\routes\__init__.py:29]
2026-02-26 11:24:30,787 INFO: Blueprint version registrado em /version [in D:\app\fit_log\routes\__init__.py:29]
2026-02-26 11:24:30,795 INFO: Blueprint api registrado em /api [in D:\app\fit_log\routes\__init__.py:29]
2026-02-26 11:24:30,807 INFO: FitLog iniciado [in D:\app\fit_log\app.py:32]
2026-02-26 11:24:30,807 INFO: FitLog iniciado [in D:\app\fit_log\app.py:32]
2026-02-26 11:24:30,913 INFO: Tabelas verificadas/criadas [in D:\app\fit_log\app.py:74]
2026-02-26 11:24:30,913 INFO: Tabelas verificadas/criadas [in D:\app\fit_log\app.py:74]
2026-02-26 11:24:30,922 INFO: Blueprint main registrado em / [in D:\app\fit_log\routes\__init__.py:29]
2026-02-26 11:24:30,922 INFO: Blueprint main registrado em / [in D:\app\fit_log\routes\__init__.py:29]
2026-02-26 11:24:30,926 INFO: Blueprint auth registrado em /auth [in D:\app\fit_log\routes\__init__.py:29]
2026-02-26 11:24:30,926 INFO: Blueprint auth registrado em /auth [in D:\app\fit_log\routes\__init__.py:29]
2026-02-26 11:24:30,934 INFO: Blueprint admin registrado em /admin [in D:\app\fit_log\routes\__init__.py:29]
2026-02-26 11:24:30,934 INFO: Blueprint admin registrado em /admin [in D:\app\fit_log\routes\__init__.py:29]
2026-02-26 11:24:30,935 INFO: Blueprint register registrado em /registrar [in D:\app\fit_log\routes\__init__.py:29]
2026-02-26 11:24:30,935 INFO: Blueprint register registrado em /registrar [in D:\app\fit_log\routes\__init__.py:29]
2026-02-26 11:24:30,937 INFO: Blueprint stats registrado em /estatisticas [in D:\app\fit_log\routes\__init__.py:29]
2026-02-26 11:24:30,937 INFO: Blueprint stats registrado em /estatisticas [in D:\app\fit_log\routes\__init__.py:29]
2026-02-26 11:24:30,953 INFO: Blueprint version registrado em /version [in D:\app\fit_log\routes\__init__.py:29]
2026-02-26 11:24:30,953 INFO: Blueprint version registrado em /version [in D:\app\fit_log\routes\__init__.py:29]
2026-02-26 11:24:30,958 INFO: Blueprint api registrado em /api [in D:\app\fit_log\routes\__init__.py:29]
2026-02-26 11:24:30,958 INFO: Blueprint api registrado em /api [in D:\app\fit_log\routes\__init__.py:29]
2026-02-26 11:24:52,622 INFO: FitLog iniciado [in D:\app\fit_log\app.py:32]
2026-02-26 11:24:52,725 INFO: Tabelas verificadas/criadas [in D:\app\fit_log\app.py:74]
2026-02-26 11:24:52,813 INFO: Blueprint main registrado em / [in D:\app\fit_log\routes\__init__.py:29]
2026-02-26 11:24:52,818 INFO: Blueprint auth registrado em /auth [in D:\app\fit_log\routes\__init__.py:29]
2026-02-26 11:24:52,828 INFO: Blueprint admin registrado em /admin [in D:\app\fit_log\routes\__init__.py:29]
2026-02-26 11:24:52,830 INFO: Blueprint register registrado em /registrar [in D:\app\fit_log\routes\__init__.py:29]
2026-02-26 11:24:52,832 INFO: Blueprint stats registrado em /estatisticas [in D:\app\fit_log\routes\__init__.py:29]
2026-02-26 11:24:52,844 INFO: Blueprint version registrado em /version [in D:\app\fit_log\routes\__init__.py:29]
2026-02-26 11:24:52,849 INFO: Blueprint api registrado em /api [in D:\app\fit_log\routes\__init__.py:29]
2026-02-26 11:24:52,856 INFO: FitLog iniciado [in D:\app\fit_log\app.py:32]
2026-02-26 11:24:52,856 INFO: FitLog iniciado [in D:\app\fit_log\app.py:32]
2026-02-26 11:24:53,052 INFO: Tabelas verificadas/criadas [in D:\app\fit_log\app.py:74]
2026-02-26 11:24:53,052 INFO: Tabelas verificadas/criadas [in D:\app\fit_log\app.py:74]
2026-02-26 11:24:53,063 INFO: Blueprint main registrado em / [in D:\app\fit_log\routes\__init__.py:29]
2026-02-26 11:24:53,063 INFO: Blueprint main registrado em / [in D:\app\fit_log\routes\__init__.py:29]
2026-02-26 11:24:53,066 INFO: Blueprint auth registrado em /auth [in D:\app\fit_log\routes\__init__.py:29]
2026-02-26 11:24:53,066 INFO: Blueprint auth registrado em /auth [in D:\app\fit_log\routes\__init__.py:29]
2026-02-26 11:24:53,072 INFO: Blueprint admin registrado em /admin [in D:\app\fit_log\routes\__init__.py:29]
2026-02-26 11:24:53,072 INFO: Blueprint admin registrado em /admin [in D:\app\fit_log\routes\__init__.py:29]
2026-02-26 11:24:53,074 INFO: Blueprint register registrado em /registrar [in D:\app\fit_log\routes\__init__.py:29]
2026-02-26 11:24:53,074 INFO: Blueprint register registrado em /registrar [in D:\app\fit_log\routes\__init__.py:29]
2026-02-26 11:24:53,078 INFO: Blueprint stats registrado em /estatisticas [in D:\app\fit_log\routes\__init__.py:29]
2026-02-26 11:24:53,078 INFO: Blueprint stats registrado em /estatisticas [in D:\app\fit_log\routes\__init__.py:29]
2026-02-26 11:24:53,090 INFO: Blueprint version registrado em /version [in D:\app\fit_log\routes\__init__.py:29]
2026-02-26 11:24:53,090 INFO: Blueprint version registrado em /version [in D:\app\fit_log\routes\__init__.py:29]
2026-02-26 11:24:53,097 INFO: Blueprint api registrado em /api [in D:\app\fit_log\routes\__init__.py:29]
2026-02-26 11:24:53,097 INFO: Blueprint api registrado em /api [in D:\app\fit_log\routes\__init__.py:29]
2026-02-26 11:27:10,716 INFO: FitLog iniciado [in d:\app\fit_log\app.py:32]
2026-02-26 11:27:10,822 INFO: Tabelas verificadas/criadas [in d:\app\fit_log\app.py:74]
2026-02-26 11:27:10,919 INFO: Blueprint main registrado em / [in d:\app\fit_log\routes\__init__.py:29]
2026-02-26 11:27:10,924 INFO: Blueprint auth registrado em /auth [in d:\app\fit_log\routes\__init__.py:29]
2026-02-26 11:27:10,930 INFO: Blueprint admin registrado em /admin [in d:\app\fit_log\routes\__init__.py:29]
2026-02-26 11:27:10,932 INFO: Blueprint register registrado em /registrar [in d:\app\fit_log\routes\__init__.py:29]
2026-02-26 11:27:10,935 INFO: Blueprint stats registrado em /estatisticas [in d:\app\fit_log\routes\__init__.py:29]
2026-02-26 11:27:10,952 INFO: Blueprint version registrado em /version [in d:\app\fit_log\routes\__init__.py:29]
2026-02-26 11:27:10,958 INFO: Blueprint api registrado em /api [in d:\app\fit_log\routes\__init__.py:29]
2026-02-26 11:27:10,967 INFO: FitLog iniciado [in d:\app\fit_log\app.py:32]
2026-02-26 11:27:10,967 INFO: FitLog iniciado [in d:\app\fit_log\app.py:32]
2026-02-26 11:27:11,053 INFO: Tabelas verificadas/criadas [in d:\app\fit_log\app.py:74]
2026-02-26 11:27:11,053 INFO: Tabelas verificadas/criadas [in d:\app\fit_log\app.py:74]
2026-02-26 11:27:11,063 INFO: Blueprint main registrado em / [in d:\app\fit_log\routes\__init__.py:29]
2026-02-26 11:27:11,063 INFO: Blueprint main registrado em / [in d:\app\fit_log\routes\__init__.py:29]
2026-02-26 11:27:11,069 INFO: Blueprint auth registrado em /auth [in d:\app\fit_log\routes\__init__.py:29]
2026-02-26 11:27:11,069 INFO: Blueprint auth registrado em /auth [in d:\app\fit_log\routes\__init__.py:29]
2026-02-26 11:27:11,076 INFO: Blueprint admin registrado em /admin [in d:\app\fit_log\routes\__init__.py:29]
2026-02-26 11:27:11,076 INFO: Blueprint admin registrado em /admin [in d:\app\fit_log\routes\__init__.py:29]
2026-02-26 11:27:11,078 INFO: Blueprint register registrado em /registrar [in d:\app\fit_log\routes\__init__.py:29]
2026-02-26 11:27:11,078 INFO: Blueprint register registrado em /registrar [in d:\app\fit_log\routes\__init__.py:29]
2026-02-26 11:27:11,080 INFO: Blueprint stats registrado em /estatisticas [in d:\app\fit_log\routes\__init__.py:29]
2026-02-26 11:27:11,080 INFO: Blueprint stats registrado em /estatisticas [in d:\app\fit_log\routes\__init__.py:29]
2026-02-26 11:27:11,097 INFO: Blueprint version registrado em /version [in d:\app\fit_log\routes\__init__.py:29]
2026-02-26 11:27:11,097 INFO: Blueprint version registrado em /version [in d:\app\fit_log\routes\__init__.py:29]
2026-02-26 11:27:11,106 INFO: Blueprint api registrado em /api [in d:\app\fit_log\routes\__init__.py:29]
2026-02-26 11:27:11,106 INFO: Blueprint api registrado em /api [in d:\app\fit_log\routes\__init__.py:29]
2026-02-26 11:27:49,752 INFO: FitLog iniciado [in D:\app\fit_log\app.py:32]
2026-02-26 11:27:49,862 INFO: Tabelas verificadas/criadas [in D:\app\fit_log\app.py:74]
2026-02-26 11:27:49,954 INFO: Blueprint main registrado em / [in D:\app\fit_log\routes\__init__.py:29]
2026-02-26 11:27:49,959 INFO: Blueprint auth registrado em /auth [in D:\app\fit_log\routes\__init__.py:29]
2026-02-26 11:27:49,966 INFO: Blueprint admin registrado em /admin [in D:\app\fit_log\routes\__init__.py:29]
2026-02-26 11:27:49,967 INFO: Blueprint register registrado em /registrar [in D:\app\fit_log\routes\__init__.py:29]
2026-02-26 11:27:49,968 INFO: Blueprint stats registrado em /estatisticas [in D:\app\fit_log\routes\__init__.py:29]
2026-02-26 11:27:49,979 INFO: Blueprint version registrado em /version [in D:\app\fit_log\routes\__init__.py:29]
2026-02-26 11:27:49,984 INFO: Blueprint api registrado em /api [in D:\app\fit_log\routes\__init__.py:29]
2026-02-26 11:27:51,275 INFO: FitLog iniciado [in D:\app\fit_log\app.py:32]
2026-02-26 11:27:51,385 INFO: Tabelas verificadas/criadas [in D:\app\fit_log\app.py:74]
2026-02-26 11:27:51,475 INFO: Blueprint main registrado em / [in D:\app\fit_log\routes\__init__.py:29]
2026-02-26 11:27:51,479 INFO: Blueprint auth registrado em /auth [in D:\app\fit_log\routes\__init__.py:29]
2026-02-26 11:27:51,487 INFO: Blueprint admin registrado em /admin [in D:\app\fit_log\routes\__init__.py:29]
2026-02-26 11:27:51,488 INFO: Blueprint register registrado em /registrar [in D:\app\fit_log\routes\__init__.py:29]
2026-02-26 11:27:51,490 INFO: Blueprint stats registrado em /estatisticas [in D:\app\fit_log\routes\__init__.py:29]
2026-02-26 11:27:51,504 INFO: Blueprint version registrado em /version [in D:\app\fit_log\routes\__init__.py:29]
2026-02-26 11:27:51,508 INFO: Blueprint api registrado em /api [in D:\app\fit_log\routes\__init__.py:29]
2026-02-26 13:25:21,013 INFO: FitLog iniciado [in D:\app\fit_log\app.py:32]
2026-02-26 13:25:21,252 INFO: Tabelas verificadas/criadas [in D:\app\fit_log\app.py:74]
2026-02-26 13:25:21,409 INFO: Blueprint main registrado em / [in D:\app\fit_log\routes\__init__.py:29]
2026-02-26 13:25:21,415 INFO: Blueprint auth registrado em /auth [in D:\app\fit_log\routes\__init__.py:29]
2026-02-26 13:25:21,427 INFO: Blueprint admin registrado em /admin [in D:\app\fit_log\routes\__init__.py:29]
2026-02-26 13:25:21,429 INFO: Blueprint register registrado em /registrar [in D:\app\fit_log\routes\__init__.py:29]
2026-02-26 13:25:21,432 INFO: Blueprint stats registrado em /estatisticas [in D:\app\fit_log\routes\__init__.py:29]
2026-02-26 13:25:21,454 INFO: Blueprint version registrado em /version [in D:\app\fit_log\routes\__init__.py:29]
2026-02-26 13:25:21,467 INFO: Blueprint api registrado em /api [in D:\app\fit_log\routes\__init__.py:29]
2026-02-26 13:27:52,573 INFO: FitLog iniciado [in D:\app\fit_log\app.py:32]
2026-02-26 13:27:52,803 INFO: Tabelas verificadas/criadas [in D:\app\fit_log\app.py:74]
2026-02-26 13:27:52,929 INFO: Blueprint main registrado em / [in D:\app\fit_log\routes\__init__.py:29]
2026-02-26 13:27:52,934 INFO: Blueprint auth registrado em /auth [in D:\app\fit_log\routes\__init__.py:29]
2026-02-26 13:27:52,940 INFO: Blueprint admin registrado em /admin [in D:\app\fit_log\routes\__init__.py:29]
2026-02-26 13:27:52,941 INFO: Blueprint register registrado em /registrar [in D:\app\fit_log\routes\__init__.py:29]
2026-02-26 13:27:52,943 INFO: Blueprint stats registrado em /estatisticas [in D:\app\fit_log\routes\__init__.py:29]
2026-02-26 13:27:52,956 INFO: Blueprint version registrado em /version [in D:\app\fit_log\routes\__init__.py:29]
2026-02-26 13:27:52,967 INFO: Blueprint api registrado em /api [in D:\app\fit_log\routes\__init__.py:29]
2026-02-26 13:29:07,236 INFO: FitLog iniciado [in D:\app\fit_log\app.py:32]
2026-02-26 13:29:07,348 INFO: Tabelas verificadas/criadas [in D:\app\fit_log\app.py:74]
2026-02-26 13:29:07,503 INFO: Blueprint main registrado em / [in D:\app\fit_log\routes\__init__.py:29]
2026-02-26 13:29:07,507 INFO: Blueprint auth registrado em /auth [in D:\app\fit_log\routes\__init__.py:29]
2026-02-26 13:29:07,513 INFO: Blueprint admin registrado em /admin [in D:\app\fit_log\routes\__init__.py:29]
2026-02-26 13:29:07,515 INFO: Blueprint register registrado em /registrar [in D:\app\fit_log\routes\__init__.py:29]
2026-02-26 13:29:07,518 INFO: Blueprint stats registrado em /estatisticas [in D:\app\fit_log\routes\__init__.py:29]
2026-02-26 13:29:07,532 INFO: Blueprint version registrado em /version [in D:\app\fit_log\routes\__init__.py:29]
2026-02-26 13:29:07,537 INFO: Blueprint api registrado em /api [in D:\app\fit_log\routes\__init__.py:29]
2026-02-26 13:29:32,866 INFO: FitLog iniciado [in D:\app\fit_log\app.py:32]
2026-02-26 13:29:32,993 INFO: Tabelas verificadas/criadas [in D:\app\fit_log\app.py:74]
2026-02-26 13:29:33,115 INFO: Blueprint main registrado em / [in D:\app\fit_log\routes\__init__.py:29]
2026-02-26 13:29:33,124 INFO: Blueprint auth registrado em /auth [in D:\app\fit_log\routes\__init__.py:29]
2026-02-26 13:29:33,133 INFO: Blueprint admin registrado em /admin [in D:\app\fit_log\routes\__init__.py:29]
2026-02-26 13:29:33,135 INFO: Blueprint register registrado em /registrar [in D:\app\fit_log\routes\__init__.py:29]
2026-02-26 13:29:33,138 INFO: Blueprint stats registrado em /estatisticas [in D:\app\fit_log\routes\__init__.py:29]
2026-02-26 13:29:33,158 INFO: Blueprint version registrado em /version [in D:\app\fit_log\routes\__init__.py:29]
2026-02-26 13:29:33,164 INFO: Blueprint api registrado em /api [in D:\app\fit_log\routes\__init__.py:29]
2026-02-26 13:35:26,958 INFO: FitLog iniciado [in D:\app\fit_log\app.py:32]
2026-02-26 13:35:27,155 INFO: Tabelas verificadas/criadas [in D:\app\fit_log\app.py:74]
2026-02-26 13:35:27,505 INFO: Blueprint main registrado em / [in D:\app\fit_log\routes\__init__.py:29]
2026-02-26 13:35:27,530 INFO: Blueprint auth registrado em /auth [in D:\app\fit_log\routes\__init__.py:29]
2026-02-26 13:35:27,597 INFO: Blueprint admin registrado em /admin [in D:\app\fit_log\routes\__init__.py:29]
2026-02-26 13:35:27,635 INFO: Blueprint register registrado em /registrar [in D:\app\fit_log\routes\__init__.py:29]
2026-02-26 13:35:27,648 INFO: Blueprint stats registrado em /estatisticas [in D:\app\fit_log\routes\__init__.py:29]
2026-02-26 13:35:27,725 INFO: Blueprint version registrado em /version [in D:\app\fit_log\routes\__init__.py:29]
2026-02-26 13:35:27,750 INFO: Blueprint api registrado em /api [in D:\app\fit_log\routes\__init__.py:29]
2026-02-26 13:41:01,428 INFO: FitLog iniciado [in D:\app\fit_log\app.py:32]
2026-02-26 13:41:01,595 INFO: Tabelas verificadas/criadas [in D:\app\fit_log\app.py:74]
2026-02-26 13:41:01,757 INFO: Blueprint main registrado em / [in D:\app\fit_log\routes\__init__.py:29]
2026-02-26 13:41:01,768 INFO: Blueprint auth registrado em /auth [in D:\app\fit_log\routes\__init__.py:29]
2026-02-26 13:41:01,780 INFO: Blueprint admin registrado em /admin [in D:\app\fit_log\routes\__init__.py:29]
2026-02-26 13:41:01,783 INFO: Blueprint register registrado em /registrar [in D:\app\fit_log\routes\__init__.py:29]
2026-02-26 13:41:01,786 INFO: Blueprint stats registrado em /estatisticas [in D:\app\fit_log\routes\__init__.py:29]
2026-02-26 13:41:01,802 INFO: Blueprint version registrado em /version [in D:\app\fit_log\routes\__init__.py:29]
2026-02-26 13:41:01,808 INFO: Blueprint api registrado em /api [in D:\app\fit_log\routes\__init__.py:29]
2026-02-26 13:42:34,583 INFO: FitLog iniciado [in D:\app\fit_log\app.py:32]
2026-02-26 13:42:34,699 INFO: Tabelas verificadas/criadas [in D:\app\fit_log\app.py:74]
2026-02-26 13:42:34,807 INFO: Blueprint main registrado em / [in D:\app\fit_log\routes\__init__.py:29]
2026-02-26 13:42:34,813 INFO: Blueprint auth registrado em /auth [in D:\app\fit_log\routes\__init__.py:29]
2026-02-26 13:42:34,819 INFO: Blueprint admin registrado em /admin [in D:\app\fit_log\routes\__init__.py:29]
2026-02-26 13:42:34,820 INFO: Blueprint register registrado em /registrar [in D:\app\fit_log\routes\__init__.py:29]
2026-02-26 13:42:34,822 INFO: Blueprint stats registrado em /estatisticas [in D:\app\fit_log\routes\__init__.py:29]
2026-02-26 13:42:34,835 INFO: Blueprint version registrado em /version [in D:\app\fit_log\routes\__init__.py:29]
2026-02-26 13:42:34,840 INFO: Blueprint api registrado em /api [in D:\app\fit_log\routes\__init__.py:29]
2026-02-26 13:43:13,587 INFO: FitLog iniciado [in D:\app\fit_log\app.py:32]
2026-02-26 13:43:13,730 INFO: Tabelas verificadas/criadas [in D:\app\fit_log\app.py:74]
2026-02-26 13:43:13,851 INFO: Blueprint main registrado em / [in D:\app\fit_log\routes\__init__.py:29]
2026-02-26 13:43:13,855 INFO: Blueprint auth registrado em /auth [in D:\app\fit_log\routes\__init__.py:29]
2026-02-26 13:43:13,863 INFO: Blueprint admin registrado em /admin [in D:\app\fit_log\routes\__init__.py:29]
2026-02-26 13:43:13,864 INFO: Blueprint register registrado em /registrar [in D:\app\fit_log\routes\__init__.py:29]
2026-02-26 13:43:13,866 INFO: Blueprint stats registrado em /estatisticas [in D:\app\fit_log\routes\__init__.py:29]
2026-02-26 13:43:13,879 INFO: Blueprint version registrado em /version [in D:\app\fit_log\routes\__init__.py:29]
2026-02-26 13:43:13,886 INFO: Blueprint api registrado em /api [in D:\app\fit_log\routes\__init__.py:29]
2026-02-26 14:00:47,274 INFO: FitLog iniciado [in D:\app\fit_log\app.py:32]
2026-02-26 14:00:47,397 INFO: Tabelas verificadas/criadas [in D:\app\fit_log\app.py:74]
2026-02-26 14:00:47,544 INFO: Blueprint main registrado em / [in D:\app\fit_log\routes\__init__.py:29]
2026-02-26 14:00:47,551 INFO: Blueprint auth registrado em /auth [in D:\app\fit_log\routes\__init__.py:29]
2026-02-26 14:00:47,557 INFO: Blueprint admin registrado em /admin [in D:\app\fit_log\routes\__init__.py:29]
2026-02-26 14:00:47,558 INFO: Blueprint register registrado em /registrar [in D:\app\fit_log\routes\__init__.py:29]
2026-02-26 14:00:47,561 INFO: Blueprint stats registrado em /estatisticas [in D:\app\fit_log\routes\__init__.py:29]
2026-02-26 14:00:47,573 INFO: Blueprint version registrado em /version [in D:\app\fit_log\routes\__init__.py:29]
2026-02-26 14:00:47,580 INFO: Blueprint api registrado em /api [in D:\app\fit_log\routes\__init__.py:29]
2026-02-26 14:04:57,705 INFO: FitLog iniciado [in D:\app\fit_log\app.py:32]
2026-02-26 14:04:57,961 INFO: Tabelas verificadas/criadas [in D:\app\fit_log\app.py:74]
2026-02-26 14:04:58,076 INFO: Blueprint main registrado em / [in D:\app\fit_log\routes\__init__.py:29]
2026-02-26 14:04:58,082 INFO: Blueprint auth registrado em /auth [in D:\app\fit_log\routes\__init__.py:29]
2026-02-26 14:04:58,093 INFO: Blueprint admin registrado em /admin [in D:\app\fit_log\routes\__init__.py:29]
2026-02-26 14:04:58,095 INFO: Blueprint register registrado em /registrar [in D:\app\fit_log\routes\__init__.py:29]
2026-02-26 14:04:58,098 INFO: Blueprint stats registrado em /estatisticas [in D:\app\fit_log\routes\__init__.py:29]
2026-02-26 14:04:58,114 INFO: Blueprint version registrado em /version [in D:\app\fit_log\routes\__init__.py:29]
2026-02-26 14:04:58,114 INFO: Blueprint api registrado em /api [in D:\app\fit_log\routes\__init__.py:29]
2026-02-26 14:06:10,252 INFO: FitLog iniciado [in D:\app\fit_log\app.py:32]
2026-02-26 14:06:10,452 INFO: Tabelas verificadas/criadas [in D:\app\fit_log\app.py:74]
2026-02-26 14:06:10,693 INFO: Blueprint main registrado em / [in D:\app\fit_log\routes\__init__.py:29]
2026-02-26 14:06:10,704 INFO: Blueprint auth registrado em /auth [in D:\app\fit_log\routes\__init__.py:29]
2026-02-26 14:06:10,718 INFO: Blueprint admin registrado em /admin [in D:\app\fit_log\routes\__init__.py:29]
2026-02-26 14:06:10,720 INFO: Blueprint register registrado em /registrar [in D:\app\fit_log\routes\__init__.py:29]
2026-02-26 14:06:10,728 INFO: Blueprint stats registrado em /estatisticas [in D:\app\fit_log\routes\__init__.py:29]
2026-02-26 14:06:10,746 INFO: Blueprint version registrado em /version [in D:\app\fit_log\routes\__init__.py:29]
2026-02-26 14:06:10,769 INFO: Blueprint api registrado em /api [in D:\app\fit_log\routes\__init__.py:29]
2026-02-26 14:06:40,952 INFO: FitLog iniciado [in D:\app\fit_log\app.py:32]
2026-02-26 14:06:41,076 INFO: Tabelas verificadas/criadas [in D:\app\fit_log\app.py:74]
2026-02-26 14:06:41,328 INFO: Blueprint main registrado em / [in D:\app\fit_log\routes\__init__.py:29]
2026-02-26 14:06:41,333 INFO: Blueprint auth registrado em /auth [in D:\app\fit_log\routes\__init__.py:29]
2026-02-26 14:06:41,340 INFO: Blueprint admin registrado em /admin [in D:\app\fit_log\routes\__init__.py:29]
2026-02-26 14:06:41,343 INFO: Blueprint register registrado em /registrar [in D:\app\fit_log\routes\__init__.py:29]
2026-02-26 14:06:41,345 INFO: Blueprint stats registrado em /estatisticas [in D:\app\fit_log\routes\__init__.py:29]
2026-02-26 14:06:41,356 INFO: Blueprint version registrado em /version [in D:\app\fit_log\routes\__init__.py:29]
2026-02-26 14:06:41,363 INFO: Blueprint api registrado em /api [in D:\app\fit_log\routes\__init__.py:29]
2026-02-26 14:21:59,910 INFO: FitLog iniciado [in D:\app\fit_log\app.py:32]
2026-02-26 14:22:00,123 INFO: Tabelas verificadas/criadas [in D:\app\fit_log\app.py:74]
2026-02-26 14:22:00,398 INFO: Blueprint main registrado em / [in D:\app\fit_log\routes\__init__.py:29]
2026-02-26 14:22:00,407 INFO: Blueprint auth registrado em /auth [in D:\app\fit_log\routes\__init__.py:29]
2026-02-26 14:22:00,418 INFO: Blueprint admin registrado em /admin [in D:\app\fit_log\routes\__init__.py:29]
2026-02-26 14:22:00,424 INFO: Blueprint register registrado em /registrar [in D:\app\fit_log\routes\__init__.py:29]
2026-02-26 14:22:00,445 INFO: Blueprint stats registrado em /estatisticas [in D:\app\fit_log\routes\__init__.py:29]
2026-02-26 14:22:00,469 INFO: Blueprint version registrado em /version [in D:\app\fit_log\routes\__init__.py:29]
2026-02-26 14:22:00,482 INFO: Blueprint api registrado em /api [in D:\app\fit_log\routes\__init__.py:29]
2026-02-27 09:14:06,326 INFO: FitLog iniciado [in D:\app\fit_log\app.py:32]
2026-02-27 09:14:06,547 INFO: Tabelas verificadas/criadas [in D:\app\fit_log\app.py:74]
2026-02-27 09:14:06,700 INFO: Blueprint main registrado em / [in D:\app\fit_log\routes\__init__.py:29]
2026-02-27 09:14:06,704 INFO: Blueprint auth registrado em /auth [in D:\app\fit_log\routes\__init__.py:29]
2026-02-27 09:14:06,710 INFO: Blueprint admin registrado em /admin [in D:\app\fit_log\routes\__init__.py:29]
2026-02-27 09:14:06,711 INFO: Blueprint register registrado em /registrar [in D:\app\fit_log\routes\__init__.py:29]
2026-02-27 09:14:06,713 INFO: Blueprint stats registrado em /estatisticas [in D:\app\fit_log\routes\__init__.py:29]
2026-02-27 09:14:06,728 INFO: Blueprint version registrado em /version [in D:\app\fit_log\routes\__init__.py:29]
2026-02-27 09:14:06,742 INFO: Blueprint api registrado em /api [in D:\app\fit_log\routes\__init__.py:29]
2026-02-27 09:14:24,286 INFO: FitLog iniciado [in D:\app\fit_log\app.py:32]
2026-02-27 09:14:24,437 INFO: Tabelas verificadas/criadas [in D:\app\fit_log\app.py:74]
2026-02-27 09:14:24,544 INFO: Blueprint main registrado em / [in D:\app\fit_log\routes\__init__.py:29]
2026-02-27 09:14:24,549 INFO: Blueprint auth registrado em /auth [in D:\app\fit_log\routes\__init__.py:29]
2026-02-27 09:14:24,555 INFO: Blueprint admin registrado em /admin [in D:\app\fit_log\routes\__init__.py:29]
2026-02-27 09:14:24,559 INFO: Blueprint register registrado em /registrar [in D:\app\fit_log\routes\__init__.py:29]
2026-02-27 09:14:24,561 INFO: Blueprint stats registrado em /estatisticas [in D:\app\fit_log\routes\__init__.py:29]
2026-02-27 09:14:24,573 INFO: Blueprint version registrado em /version [in D:\app\fit_log\routes\__init__.py:29]
2026-02-27 09:14:24,581 INFO: Blueprint api registrado em /api [in D:\app\fit_log\routes\__init__.py:29]
2026-02-27 09:16:07,368 INFO: FitLog iniciado [in D:\app\fit_log\app.py:32]
2026-02-27 09:16:07,474 INFO: Tabelas verificadas/criadas [in D:\app\fit_log\app.py:74]
2026-02-27 09:16:07,587 INFO: Blueprint main registrado em / [in D:\app\fit_log\routes\__init__.py:29]
2026-02-27 09:16:07,592 INFO: Blueprint auth registrado em /auth [in D:\app\fit_log\routes\__init__.py:29]
2026-02-27 09:16:07,598 INFO: Blueprint admin registrado em /admin [in D:\app\fit_log\routes\__init__.py:29]
2026-02-27 09:16:07,599 INFO: Blueprint register registrado em /registrar [in D:\app\fit_log\routes\__init__.py:29]
2026-02-27 09:16:07,602 INFO: Blueprint stats registrado em /estatisticas [in D:\app\fit_log\routes\__init__.py:29]
2026-02-27 09:16:07,612 INFO: Blueprint version registrado em /version [in D:\app\fit_log\routes\__init__.py:29]
2026-02-27 09:16:07,619 INFO: Blueprint api registrado em /api [in D:\app\fit_log\routes\__init__.py:29]
2026-02-27 09:19:25,636 INFO: FitLog iniciado [in D:\app\fit_log\app.py:32]
2026-02-27 09:19:25,769 INFO: Tabelas verificadas/criadas [in D:\app\fit_log\app.py:74]
2026-02-27 09:19:25,900 INFO: Blueprint main registrado em / [in D:\app\fit_log\routes\__init__.py:29]
2026-02-27 09:19:25,905 INFO: Blueprint auth registrado em /auth [in D:\app\fit_log\routes\__init__.py:29]
2026-02-27 09:19:25,916 INFO: Blueprint admin registrado em /admin [in D:\app\fit_log\routes\__init__.py:29]
2026-02-27 09:19:25,919 INFO: Blueprint register registrado em /registrar [in D:\app\fit_log\routes\__init__.py:29]
2026-02-27 09:19:25,922 INFO: Blueprint stats registrado em /estatisticas [in D:\app\fit_log\routes\__init__.py:29]
2026-02-27 09:19:25,938 INFO: Blueprint version registrado em /version [in D:\app\fit_log\routes\__init__.py:29]
2026-02-27 09:19:25,952 INFO: Blueprint api registrado em /api [in D:\app\fit_log\routes\__init__.py:29]
2026-02-27 09:20:49,825 INFO: FitLog iniciado [in D:\app\fit_log\app.py:32]
2026-02-27 09:20:49,961 INFO: Tabelas verificadas/criadas [in D:\app\fit_log\app.py:74]
2026-02-27 09:20:50,061 INFO: Blueprint main registrado em / [in D:\app\fit_log\routes\__init__.py:29]
2026-02-27 09:20:50,065 INFO: Blueprint auth registrado em /auth [in D:\app\fit_log\routes\__init__.py:29]
2026-02-27 09:20:50,076 INFO: Blueprint admin registrado em /admin [in D:\app\fit_log\routes\__init__.py:29]
2026-02-27 09:20:50,079 INFO: Blueprint register registrado em /registrar [in D:\app\fit_log\routes\__init__.py:29]
2026-02-27 09:20:50,082 INFO: Blueprint stats registrado em /estatisticas [in D:\app\fit_log\routes\__init__.py:29]
2026-02-27 09:20:50,101 INFO: Blueprint version registrado em /version [in D:\app\fit_log\routes\__init__.py:29]
2026-02-27 09:20:50,112 INFO: Blueprint api registrado em /api [in D:\app\fit_log\routes\__init__.py:29]
2026-02-27 09:21:14,006 INFO: FitLog iniciado [in d:\app\fit_log\app.py:32]
2026-02-27 09:21:14,122 INFO: Tabelas verificadas/criadas [in d:\app\fit_log\app.py:74]
2026-02-27 09:21:14,224 INFO: Blueprint main registrado em / [in d:\app\fit_log\routes\__init__.py:29]
2026-02-27 09:21:14,231 INFO: Blueprint auth registrado em /auth [in d:\app\fit_log\routes\__init__.py:29]
2026-02-27 09:21:14,238 INFO: Blueprint admin registrado em /admin [in d:\app\fit_log\routes\__init__.py:29]
2026-02-27 09:21:14,240 INFO: Blueprint register registrado em /registrar [in d:\app\fit_log\routes\__init__.py:29]
2026-02-27 09:21:14,242 INFO: Blueprint stats registrado em /estatisticas [in d:\app\fit_log\routes\__init__.py:29]
2026-02-27 09:21:14,256 INFO: Blueprint version registrado em /version [in d:\app\fit_log\routes\__init__.py:29]
2026-02-27 09:21:14,267 INFO: Blueprint api registrado em /api [in d:\app\fit_log\routes\__init__.py:29]
2026-02-27 09:21:14,276 INFO: FitLog iniciado [in d:\app\fit_log\app.py:32]
2026-02-27 09:21:14,276 INFO: FitLog iniciado [in d:\app\fit_log\app.py:32]
2026-02-27 09:21:14,367 INFO: Tabelas verificadas/criadas [in d:\app\fit_log\app.py:74]
2026-02-27 09:21:14,367 INFO: Tabelas verificadas/criadas [in d:\app\fit_log\app.py:74]
2026-02-27 09:21:14,378 INFO: Blueprint main registrado em / [in d:\app\fit_log\routes\__init__.py:29]
2026-02-27 09:21:14,378 INFO: Blueprint main registrado em / [in d:\app\fit_log\routes\__init__.py:29]
2026-02-27 09:21:14,384 INFO: Blueprint auth registrado em /auth [in d:\app\fit_log\routes\__init__.py:29]
2026-02-27 09:21:14,384 INFO: Blueprint auth registrado em /auth [in d:\app\fit_log\routes\__init__.py:29]
2026-02-27 09:21:14,392 INFO: Blueprint admin registrado em /admin [in d:\app\fit_log\routes\__init__.py:29]
2026-02-27 09:21:14,392 INFO: Blueprint admin registrado em /admin [in d:\app\fit_log\routes\__init__.py:29]
2026-02-27 09:21:14,395 INFO: Blueprint register registrado em /registrar [in d:\app\fit_log\routes\__init__.py:29]
2026-02-27 09:21:14,395 INFO: Blueprint register registrado em /registrar [in d:\app\fit_log\routes\__init__.py:29]
2026-02-27 09:21:14,398 INFO: Blueprint stats registrado em /estatisticas [in d:\app\fit_log\routes\__init__.py:29]
2026-02-27 09:21:14,398 INFO: Blueprint stats registrado em /estatisticas [in d:\app\fit_log\routes\__init__.py:29]
2026-02-27 09:21:14,414 INFO: Blueprint version registrado em /version [in d:\app\fit_log\routes\__init__.py:29]
2026-02-27 09:21:14,414 INFO: Blueprint version registrado em /version [in d:\app\fit_log\routes\__init__.py:29]
2026-02-27 09:21:14,426 INFO: Blueprint api registrado em /api [in d:\app\fit_log\routes\__init__.py:29]
2026-02-27 09:21:14,426 INFO: Blueprint api registrado em /api [in d:\app\fit_log\routes\__init__.py:29]
2026-02-27 09:37:11,784 INFO: FitLog iniciado [in D:\app\fit_log\app.py:32]
2026-02-27 09:37:11,979 INFO: Tabelas verificadas/criadas [in D:\app\fit_log\app.py:74]
2026-02-27 09:37:12,146 INFO: Blueprint main registrado em / [in D:\app\fit_log\routes\__init__.py:29]
2026-02-27 09:37:12,152 INFO: Blueprint auth registrado em /auth [in D:\app\fit_log\routes\__init__.py:29]
2026-02-27 09:37:12,169 INFO: Blueprint admin registrado em /admin [in D:\app\fit_log\routes\__init__.py:29]
2026-02-27 09:37:12,173 INFO: Blueprint register registrado em /registrar [in D:\app\fit_log\routes\__init__.py:29]
2026-02-27 09:37:12,181 INFO: Blueprint stats registrado em /estatisticas [in D:\app\fit_log\routes\__init__.py:29]
2026-02-27 09:37:12,206 INFO: Blueprint version registrado em /version [in D:\app\fit_log\routes\__init__.py:29]
2026-02-27 09:37:12,232 INFO: Blueprint api registrado em /api [in D:\app\fit_log\routes\__init__.py:29]
2026-02-27 09:37:21,796 INFO: FitLog iniciado [in D:\app\fit_log\app.py:32]
2026-02-27 09:37:21,949 INFO: Tabelas verificadas/criadas [in D:\app\fit_log\app.py:74]
2026-02-27 09:37:22,148 INFO: Blueprint main registrado em / [in D:\app\fit_log\routes\__init__.py:29]
2026-02-27 09:37:22,153 INFO: Blueprint auth registrado em /auth [in D:\app\fit_log\routes\__init__.py:29]
2026-02-27 09:37:22,163 INFO: Blueprint admin registrado em /admin [in D:\app\fit_log\routes\__init__.py:29]
2026-02-27 09:37:22,164 INFO: Blueprint register registrado em /registrar [in D:\app\fit_log\routes\__init__.py:29]
2026-02-27 09:37:22,167 INFO: Blueprint stats registrado em /estatisticas [in D:\app\fit_log\routes\__init__.py:29]
2026-02-27 09:37:22,181 INFO: Blueprint version registrado em /version [in D:\app\fit_log\routes\__init__.py:29]
2026-02-27 09:37:22,186 INFO: Blueprint api registrado em /api [in D:\app\fit_log\routes\__init__.py:29]
2026-02-27 09:43:10,844 INFO: FitLog iniciado [in D:\app\fit_log\app.py:32]
2026-02-27 09:43:11,094 INFO: Tabelas verificadas/criadas [in D:\app\fit_log\app.py:74]
2026-02-27 09:43:11,246 INFO: Blueprint main registrado em / [in D:\app\fit_log\routes\__init__.py:29]
2026-02-27 09:43:11,254 INFO: Blueprint auth registrado em /auth [in D:\app\fit_log\routes\__init__.py:29]
2026-02-27 09:43:11,262 INFO: Blueprint admin registrado em /admin [in D:\app\fit_log\routes\__init__.py:29]
2026-02-27 09:43:11,265 INFO: Blueprint register registrado em /registrar [in D:\app\fit_log\routes\__init__.py:29]
2026-02-27 09:43:11,268 INFO: Blueprint stats registrado em /estatisticas [in D:\app\fit_log\routes\__init__.py:29]
2026-02-27 09:43:11,288 INFO: Blueprint version registrado em /version [in D:\app\fit_log\routes\__init__.py:29]
2026-02-27 09:43:11,296 INFO: Blueprint api registrado em /api [in D:\app\fit_log\routes\__init__.py:29]
2026-02-27 09:44:08,950 INFO: FitLog iniciado [in D:\app\fit_log\app.py:32]
2026-02-27 09:44:09,183 INFO: Tabelas verificadas/criadas [in D:\app\fit_log\app.py:74]
2026-02-27 09:44:09,332 INFO: Blueprint main registrado em / [in D:\app\fit_log\routes\__init__.py:29]
2026-02-27 09:44:09,336 INFO: Blueprint auth registrado em /auth [in D:\app\fit_log\routes\__init__.py:29]
2026-02-27 09:44:09,345 INFO: Blueprint admin registrado em /admin [in D:\app\fit_log\routes\__init__.py:29]
2026-02-27 09:44:09,348 INFO: Blueprint register registrado em /registrar [in D:\app\fit_log\routes\__init__.py:29]
2026-02-27 09:44:09,351 INFO: Blueprint stats registrado em /estatisticas [in D:\app\fit_log\routes\__init__.py:29]
2026-02-27 09:44:09,366 INFO: Blueprint version registrado em /version [in D:\app\fit_log\routes\__init__.py:29]
2026-02-27 09:44:09,374 INFO: Blueprint api registrado em /api [in D:\app\fit_log\routes\__init__.py:29]
2026-02-27 10:31:18,051 INFO: FitLog iniciado [in D:\app\fit_log\app.py:32]
2026-02-27 10:31:18,215 INFO: Tabelas verificadas/criadas [in D:\app\fit_log\app.py:74]
2026-02-27 10:31:18,364 INFO: Blueprint main registrado em / [in D:\app\fit_log\routes\__init__.py:29]
2026-02-27 10:31:18,371 INFO: Blueprint auth registrado em /auth [in D:\app\fit_log\routes\__init__.py:29]
2026-02-27 10:31:18,377 INFO: Blueprint admin registrado em /admin [in D:\app\fit_log\routes\__init__.py:29]
2026-02-27 10:31:18,378 INFO: Blueprint register registrado em /registrar [in D:\app\fit_log\routes\__init__.py:29]
2026-02-27 10:31:18,381 INFO: Blueprint stats registrado em /estatisticas [in D:\app\fit_log\routes\__init__.py:29]
2026-02-27 10:31:18,393 INFO: Blueprint version registrado em /version [in D:\app\fit_log\routes\__init__.py:29]
2026-02-27 10:31:18,399 INFO: Blueprint api registrado em /api [in D:\app\fit_log\routes\__init__.py:29]
2026-02-27 15:13:07,520 INFO: FitLog iniciado [in D:\app\fit_log\app.py:32]
2026-02-27 15:13:07,651 INFO: Tabelas verificadas/criadas [in D:\app\fit_log\app.py:74]
2026-02-27 15:13:07,813 INFO: Blueprint main registrado em / [in D:\app\fit_log\routes\__init__.py:29]
2026-02-27 15:13:07,863 INFO: Blueprint auth registrado em /auth [in D:\app\fit_log\routes\__init__.py:29]
2026-02-27 15:13:07,904 INFO: Blueprint admin registrado em /admin [in D:\app\fit_log\routes\__init__.py:29]
2026-02-27 15:13:07,931 INFO: Blueprint register registrado em /registrar [in D:\app\fit_log\routes\__init__.py:29]
2026-02-27 15:13:07,936 INFO: Blueprint stats registrado em /estatisticas [in D:\app\fit_log\routes\__init__.py:29]
2026-02-27 15:13:07,953 INFO: Blueprint version registrado em /version [in D:\app\fit_log\routes\__init__.py:29]
2026-02-27 15:13:07,963 INFO: Blueprint api registrado em /api [in D:\app\fit_log\routes\__init__.py:29]
2026-02-27 15:17:48,476 INFO: FitLog iniciado [in D:\app\fit_log\app.py:32]
2026-02-27 15:17:48,574 INFO: Tabelas verificadas/criadas [in D:\app\fit_log\app.py:74]
2026-02-27 15:17:48,787 INFO: Blueprint main registrado em / [in D:\app\fit_log\routes\__init__.py:29]
2026-02-27 15:17:48,791 INFO: Blueprint auth registrado em /auth [in D:\app\fit_log\routes\__init__.py:29]
2026-02-27 15:17:48,800 INFO: Blueprint admin registrado em /admin [in D:\app\fit_log\routes\__init__.py:29]
2026-02-27 15:17:48,801 INFO: Blueprint register registrado em /registrar [in D:\app\fit_log\routes\__init__.py:29]
2026-02-27 15:17:48,808 INFO: Blueprint stats registrado em /estatisticas [in D:\app\fit_log\routes\__init__.py:29]
2026-02-27 15:17:48,820 INFO: Blueprint version registrado em /version [in D:\app\fit_log\routes\__init__.py:29]
2026-02-27 15:17:48,830 INFO: Blueprint api registrado em /api [in D:\app\fit_log\routes\__init__.py:29]
2026-02-27 15:28:22,265 INFO: FitLog iniciado [in D:\app\fit_log\app.py:32]
2026-02-27 15:28:22,386 INFO: Tabelas verificadas/criadas [in D:\app\fit_log\app.py:74]
2026-02-27 15:28:35,165 INFO: FitLog iniciado [in D:\app\fit_log\app.py:32]
2026-02-27 15:28:35,267 INFO: Tabelas verificadas/criadas [in D:\app\fit_log\app.py:74]
2026-02-27 15:29:48,213 INFO: FitLog iniciado [in D:\app\fit_log\app.py:32]
2026-02-27 15:29:48,451 INFO: Tabelas verificadas/criadas [in D:\app\fit_log\app.py:74]
2026-02-27 15:29:48,595 INFO: Blueprint main registrado em / [in D:\app\fit_log\routes\__init__.py:29]
2026-02-27 15:29:48,599 INFO: Blueprint auth registrado em /auth [in D:\app\fit_log\routes\__init__.py:29]
2026-02-27 15:29:48,606 INFO: Blueprint admin registrado em /admin [in D:\app\fit_log\routes\__init__.py:29]
2026-02-27 15:29:48,607 INFO: Blueprint register registrado em /registrar [in D:\app\fit_log\routes\__init__.py:29]
2026-02-27 15:29:48,609 INFO: Blueprint stats registrado em /estatisticas [in D:\app\fit_log\routes\__init__.py:29]
2026-02-27 15:29:48,622 INFO: Blueprint version registrado em /version [in D:\app\fit_log\routes\__init__.py:29]
2026-02-27 15:29:48,629 INFO: Blueprint api registrado em /api [in D:\app\fit_log\routes\__init__.py:29]
2026-02-27 15:29:49,958 INFO: FitLog iniciado [in D:\app\fit_log\app.py:32]
2026-02-27 15:29:50,077 INFO: Tabelas verificadas/criadas [in D:\app\fit_log\app.py:74]
2026-02-27 15:29:50,167 INFO: Blueprint main registrado em / [in D:\app\fit_log\routes\__init__.py:29]
2026-02-27 15:29:50,172 INFO: Blueprint auth registrado em /auth [in D:\app\fit_log\routes\__init__.py:29]
2026-02-27 15:29:50,178 INFO: Blueprint admin registrado em /admin [in D:\app\fit_log\routes\__init__.py:29]
2026-02-27 15:29:50,180 INFO: Blueprint register registrado em /registrar [in D:\app\fit_log\routes\__init__.py:29]
2026-02-27 15:29:50,181 INFO: Blueprint stats registrado em /estatisticas [in D:\app\fit_log\routes\__init__.py:29]
2026-02-27 15:29:50,195 INFO: Blueprint version registrado em /version [in D:\app\fit_log\routes\__init__.py:29]
2026-02-27 15:29:50,205 INFO: Blueprint api registrado em /api [in D:\app\fit_log\routes\__init__.py:29]
2026-02-27 15:36:47,034 INFO: FitLog iniciado [in D:\app\fit_log\app.py:32]
2026-02-27 15:36:47,194 INFO: Tabelas verificadas/criadas [in D:\app\fit_log\app.py:74]
2026-02-27 15:36:47,413 INFO: Blueprint main registrado em / [in D:\app\fit_log\routes\__init__.py:29]
2026-02-27 15:36:47,417 INFO: Blueprint auth registrado em /auth [in D:\app\fit_log\routes\__init__.py:29]
2026-02-27 15:36:47,427 INFO: Blueprint admin registrado em /admin [in D:\app\fit_log\routes\__init__.py:29]
2026-02-27 15:36:47,430 INFO: Blueprint register registrado em /registrar [in D:\app\fit_log\routes\__init__.py:29]
2026-02-27 15:36:47,433 INFO: Blueprint stats registrado em /estatisticas [in D:\app\fit_log\routes\__init__.py:29]
2026-02-27 15:36:47,447 INFO: Blueprint version registrado em /version [in D:\app\fit_log\routes\__init__.py:29]
2026-02-27 15:36:47,456 INFO: Blueprint api registrado em /api [in D:\app\fit_log\routes\__init__.py:29]
